2025-09-27 16:48:24,164 [INFO] Activator:177 - 


2025-09-27 16:48:24,165 [INFO] Activator:178 - !SESSION log4j initialized
2025-09-27 16:48:39,629 [INFO] McuFinderGlobals:39 - Set McuFinder mode to 2 (CubeIDE integrated)
2025-09-27 16:48:39,768 [INFO] ApplicationProperties:181 - Using Application install path: D:\STM32CubeIDE_1.7.0\STM32CubeIDE\plugins\com.st.stm32cube.common.mx_6.3.0.202107141111
2025-09-27 16:48:39,780 [INFO] DbMcusXml:74 - Set database path to: D:\STM32CubeIDE_1.7.0\STM32CubeIDE\plugins\com.st.stm32cube.common.mx_6.3.0.202107141111\\db\/mcu/
2025-09-27 16:48:39,784 [INFO] DbBoardsPdsc:56 - Set plugin database path to: D:\STM32CubeIDE_1.7.0\STM32CubeIDE\plugins\com.st.stm32cube.common.mx_6.3.0.202107141111\\db\/plugins/boardmanager/
2025-09-27 16:48:39,784 [INFO] DbMcus:258 - Set plugin images path to: D:\STM32CubeIDE_1.7.0\STM32CubeIDE\plugins\com.st.stm32cube.common.mx_6.3.0.202107141111\\db\/plugins/mcufinder/images/
2025-09-27 16:48:39,784 [INFO] DbBoards:264 - Set plugin images path to: D:\STM32CubeIDE_1.7.0\STM32CubeIDE\plugins\com.st.stm32cube.common.mx_6.3.0.202107141111\\db\/plugins/mcufinder/images/
2025-09-27 16:48:39,786 [INFO] DbExamples:333 - Set plugin images path to: D:\STM32CubeIDE_1.7.0\STM32CubeIDE\plugins\com.st.stm32cube.common.mx_6.3.0.202107141111\\db\/plugins/mcufinder/images/
2025-09-27 16:48:39,791 [INFO] DbMcusAds:119 - Set database path to: C:\Users\Sang\.stmcufinder\plugins\mcufinder//mcu/
2025-09-27 16:48:39,792 [INFO] DbMcusDocs:110 - Set database path to: C:\Users\Sang\.stmcufinder\plugins\mcufinder//mcu/
2025-09-27 16:48:39,793 [INFO] DbMcusJson:64 - Set database path to: C:\Users\Sang\.stmcufinder\plugins\mcufinder//mcu/
2025-09-27 16:48:39,794 [INFO] DbBoardsDocs:110 - Set database path to: C:\Users\Sang\.stmcufinder\plugins\mcufinder//mcu/
2025-09-27 16:48:39,795 [INFO] DbBoardsJson:57 - Set database path to: C:\Users\Sang\.stmcufinder\plugins\mcufinder//mcu/
2025-09-27 16:48:39,818 [INFO] CrossReferenceDbSqlite:196 - Set database path to: C:\Users\Sang\.stmcufinder\plugins\mcufinder//mcu/cs/
2025-09-27 16:48:39,822 [INFO] DbExamplesSqlite:767 - Set database path to: C:\Users\Sang\.stmcufinder\plugins\mcufinder//mcu/
2025-09-27 16:48:39,902 [INFO] RulesReader:57 - Compatibility file has been processed (242 Rules)
2025-09-27 16:48:39,976 [INFO] DbMcusXml:74 - Set database path to: D:\STM32CubeIDE_1.7.0\STM32CubeIDE\plugins\com.st.stm32cube.common.mx_6.3.0.202107141111\\db\/mcu/
2025-09-27 16:48:39,976 [INFO] DbBoardsPdsc:56 - Set plugin database path to: D:\STM32CubeIDE_1.7.0\STM32CubeIDE\plugins\com.st.stm32cube.common.mx_6.3.0.202107141111\\db\/plugins/boardmanager/
2025-09-27 16:48:39,977 [INFO] DbMcus:258 - Set plugin images path to: D:\STM32CubeIDE_1.7.0\STM32CubeIDE\plugins\com.st.stm32cube.common.mx_6.3.0.202107141111\\db\/plugins/mcufinder/images/
2025-09-27 16:48:39,977 [INFO] DbBoards:264 - Set plugin images path to: D:\STM32CubeIDE_1.7.0\STM32CubeIDE\plugins\com.st.stm32cube.common.mx_6.3.0.202107141111\\db\/plugins/mcufinder/images/
2025-09-27 16:48:39,977 [INFO] DbExamples:333 - Set plugin images path to: D:\STM32CubeIDE_1.7.0\STM32CubeIDE\plugins\com.st.stm32cube.common.mx_6.3.0.202107141111\\db\/plugins/mcufinder/images/
2025-09-27 16:48:39,977 [WARN] DbFile:35 - Overriding database path with different value: C:\Users\Sang\.stmcufinder\plugins\mcufinder/ => C:\Users\Sang\.stmcufinder\plugins\mcufinder
2025-09-27 16:48:39,977 [INFO] DbMcusAds:119 - Set database path to: C:\Users\Sang\.stmcufinder\plugins\mcufinder//mcu/
2025-09-27 16:48:39,977 [WARN] DbFile:35 - Overriding database path with different value: C:\Users\Sang\.stmcufinder\plugins\mcufinder/ => C:\Users\Sang\.stmcufinder\plugins\mcufinder
2025-09-27 16:48:39,977 [INFO] DbMcusDocs:110 - Set database path to: C:\Users\Sang\.stmcufinder\plugins\mcufinder//mcu/
2025-09-27 16:48:39,977 [WARN] DbFile:35 - Overriding database path with different value: C:\Users\Sang\.stmcufinder\plugins\mcufinder/ => C:\Users\Sang\.stmcufinder\plugins\mcufinder
2025-09-27 16:48:39,977 [INFO] DbMcusJson:64 - Set database path to: C:\Users\Sang\.stmcufinder\plugins\mcufinder//mcu/
2025-09-27 16:48:39,978 [WARN] DbFile:35 - Overriding database path with different value: C:\Users\Sang\.stmcufinder\plugins\mcufinder/ => C:\Users\Sang\.stmcufinder\plugins\mcufinder
2025-09-27 16:48:39,978 [INFO] DbBoardsDocs:110 - Set database path to: C:\Users\Sang\.stmcufinder\plugins\mcufinder//mcu/
2025-09-27 16:48:39,978 [WARN] DbFile:35 - Overriding database path with different value: C:\Users\Sang\.stmcufinder\plugins\mcufinder/ => C:\Users\Sang\.stmcufinder\plugins\mcufinder
2025-09-27 16:48:39,978 [INFO] DbBoardsJson:57 - Set database path to: C:\Users\Sang\.stmcufinder\plugins\mcufinder//mcu/
2025-09-27 16:48:39,978 [WARN] DbFile:35 - Overriding database path with different value: C:\Users\Sang\.stmcufinder\plugins\mcufinder/ => C:\Users\Sang\.stmcufinder\plugins\mcufinder
2025-09-27 16:48:39,978 [WARN] DbFile:35 - Overriding database path with different value: C:\Users\Sang\.stmcufinder\plugins\mcufinder/ => C:\Users\Sang\.stmcufinder\plugins\mcufinder
2025-09-27 16:48:39,978 [INFO] CrossReferenceDbSqlite:196 - Set database path to: C:\Users\Sang\.stmcufinder\plugins\mcufinder//mcu/cs/
2025-09-27 16:48:39,978 [WARN] DbFile:35 - Overriding database path with different value: C:\Users\Sang\.stmcufinder\plugins\mcufinder/ => C:\Users\Sang\.stmcufinder\plugins\mcufinder
2025-09-27 16:48:39,978 [INFO] DbExamplesSqlite:767 - Set database path to: C:\Users\Sang\.stmcufinder\plugins\mcufinder//mcu/
2025-09-27 16:48:40,036 [INFO] MainPanel:214 - HeapMemory: 268435456
2025-09-27 16:48:40,116 [INFO] DbMcusXml:74 - Set database path to: D:\STM32CubeIDE_1.7.0\STM32CubeIDE\plugins\com.st.stm32cube.common.mx_6.3.0.202107141111\\db\/mcu/
2025-09-27 16:48:40,116 [INFO] DbBoardsPdsc:56 - Set plugin database path to: D:\STM32CubeIDE_1.7.0\STM32CubeIDE\plugins\com.st.stm32cube.common.mx_6.3.0.202107141111\\db\/plugins/boardmanager/
2025-09-27 16:48:40,117 [INFO] DbMcus:258 - Set plugin images path to: D:\STM32CubeIDE_1.7.0\STM32CubeIDE\plugins\com.st.stm32cube.common.mx_6.3.0.202107141111\\db\/plugins/mcufinder/images/
2025-09-27 16:48:40,117 [INFO] DbBoards:264 - Set plugin images path to: D:\STM32CubeIDE_1.7.0\STM32CubeIDE\plugins\com.st.stm32cube.common.mx_6.3.0.202107141111\\db\/plugins/mcufinder/images/
2025-09-27 16:48:40,117 [INFO] DbExamples:333 - Set plugin images path to: D:\STM32CubeIDE_1.7.0\STM32CubeIDE\plugins\com.st.stm32cube.common.mx_6.3.0.202107141111\\db\/plugins/mcufinder/images/
2025-09-27 16:48:40,118 [WARN] DbFile:35 - Overriding database path with different value: C:\Users\Sang\.stmcufinder\plugins\mcufinder/ => C:\Users\Sang\.stmcufinder\plugins\mcufinder
2025-09-27 16:48:40,118 [INFO] DbMcusAds:119 - Set database path to: C:\Users\Sang\.stmcufinder\plugins\mcufinder//mcu/
2025-09-27 16:48:40,118 [WARN] DbFile:35 - Overriding database path with different value: C:\Users\Sang\.stmcufinder\plugins\mcufinder/ => C:\Users\Sang\.stmcufinder\plugins\mcufinder
2025-09-27 16:48:40,118 [INFO] DbMcusDocs:110 - Set database path to: C:\Users\Sang\.stmcufinder\plugins\mcufinder//mcu/
2025-09-27 16:48:40,118 [WARN] DbFile:35 - Overriding database path with different value: C:\Users\Sang\.stmcufinder\plugins\mcufinder/ => C:\Users\Sang\.stmcufinder\plugins\mcufinder
2025-09-27 16:48:40,118 [INFO] DbMcusJson:64 - Set database path to: C:\Users\Sang\.stmcufinder\plugins\mcufinder//mcu/
2025-09-27 16:48:40,118 [WARN] DbFile:35 - Overriding database path with different value: C:\Users\Sang\.stmcufinder\plugins\mcufinder/ => C:\Users\Sang\.stmcufinder\plugins\mcufinder
2025-09-27 16:48:40,119 [INFO] DbBoardsDocs:110 - Set database path to: C:\Users\Sang\.stmcufinder\plugins\mcufinder//mcu/
2025-09-27 16:48:40,119 [WARN] DbFile:35 - Overriding database path with different value: C:\Users\Sang\.stmcufinder\plugins\mcufinder/ => C:\Users\Sang\.stmcufinder\plugins\mcufinder
2025-09-27 16:48:40,119 [INFO] DbBoardsJson:57 - Set database path to: C:\Users\Sang\.stmcufinder\plugins\mcufinder//mcu/
2025-09-27 16:48:40,119 [WARN] DbFile:35 - Overriding database path with different value: C:\Users\Sang\.stmcufinder\plugins\mcufinder/ => C:\Users\Sang\.stmcufinder\plugins\mcufinder
2025-09-27 16:48:40,119 [WARN] DbFile:35 - Overriding database path with different value: C:\Users\Sang\.stmcufinder\plugins\mcufinder/ => C:\Users\Sang\.stmcufinder\plugins\mcufinder
2025-09-27 16:48:40,119 [INFO] CrossReferenceDbSqlite:196 - Set database path to: C:\Users\Sang\.stmcufinder\plugins\mcufinder//mcu/cs/
2025-09-27 16:48:40,119 [WARN] DbFile:35 - Overriding database path with different value: C:\Users\Sang\.stmcufinder\plugins\mcufinder/ => C:\Users\Sang\.stmcufinder\plugins\mcufinder
2025-09-27 16:48:40,119 [INFO] DbExamplesSqlite:767 - Set database path to: C:\Users\Sang\.stmcufinder\plugins\mcufinder//mcu/
2025-09-27 16:48:40,136 [INFO] ApplicationProperties:181 - Using Application install path: D:\STM32CubeIDE_1.7.0\STM32CubeIDE\plugins\com.st.stm32cube.common.mx_6.3.0.202107141111
2025-09-27 16:48:40,138 [INFO] PluginManage:188 - Search for loadable plugins [exclusion list=, ]
2025-09-27 16:48:40,140 [INFO] PluginManage:302 - Check plugin analytics
2025-09-27 16:48:45,244 [INFO] AnalyticsPlugin:257 - Accepted Software Licenses: 
2025-09-27 16:48:45,244 [INFO] AnalyticsPlugin:259 - Accepted CMSIS Pack Licenses: 
2025-09-27 16:48:45,245 [INFO] AnalyticsPlugin:261 - Accepted Firmware Licenses: 
2025-09-27 16:48:45,245 [INFO] PluginManage:352 - Loaded plugin analytics (category:tool,tabindex:-1)
2025-09-27 16:48:45,245 [INFO] PluginManage:302 - Check plugin clock
2025-09-27 16:48:45,270 [INFO] PluginManage:352 - Loaded plugin clock (category:base,tabindex:2)
2025-09-27 16:48:45,270 [INFO] PluginManage:302 - Check plugin ddr
2025-09-27 16:48:45,272 [INFO] PluginManage:352 - Loaded plugin ddr (category:tool,tabindex:6)
2025-09-27 16:48:45,272 [INFO] PluginManage:302 - Check plugin filemanager
2025-09-27 16:48:45,376 [INFO] PluginManage:352 - Loaded plugin filemanager (category:base,tabindex:10)
2025-09-27 16:48:45,376 [INFO] PluginManage:302 - Check plugin ipmanager
2025-09-27 16:48:45,383 [INFO] PluginManage:352 - Loaded plugin ipmanager (category:base,tabindex:5)
2025-09-27 16:48:45,383 [INFO] PluginManage:302 - Check plugin pinoutandconfiguration
2025-09-27 16:48:45,389 [INFO] PluginManage:352 - Loaded plugin pinoutandconfiguration (category:base,tabindex:1)
2025-09-27 16:48:45,390 [INFO] PluginManage:302 - Check plugin pinoutconfig
2025-09-27 16:48:45,411 [INFO] PluginManage:352 - Loaded plugin pinoutconfig (category:base,tabindex:0)
2025-09-27 16:48:45,411 [INFO] PluginManage:302 - Check plugin power
2025-09-27 16:48:45,419 [INFO] PluginManage:352 - Loaded plugin power (category:power,tabindex:4)
2025-09-27 16:48:45,420 [INFO] PluginManage:302 - Check plugin projectmanager
2025-09-27 16:48:45,434 [INFO] PluginManage:352 - Loaded plugin projectmanager (category:projectmanager,tabindex:3)
2025-09-27 16:48:45,434 [INFO] PluginManage:302 - Check plugin thirdparty
2025-09-27 16:48:45,551 [INFO] PluginManage:352 - Loaded plugin thirdparty (category:base,tabindex:-1)
2025-09-27 16:48:45,551 [INFO] PluginManage:302 - Check plugin tools
2025-09-27 16:48:45,552 [WARN] IntegrityCheckThread:78 - waiting for thirdparty lock release [integrity check]
2025-09-27 16:48:45,553 [INFO] IntegrityCheckThread:80 - entering critical section [integrity check]
2025-09-27 16:48:45,553 [INFO] ThirdPartyUpdaterWithRetryManager:66 - Updater plugin not ready yet. [1/15]
2025-09-27 16:48:45,554 [INFO] PluginManage:352 - Loaded plugin tools (category:base,tabindex:7)
2025-09-27 16:48:45,554 [INFO] PluginManage:302 - Check plugin tutovideos
2025-09-27 16:48:45,741 [INFO] PluginManage:352 - Loaded plugin tutovideos (category:base,tabindex:-1)
2025-09-27 16:48:45,742 [INFO] PluginManage:302 - Check plugin updater
2025-09-27 16:48:45,757 [INFO] PluginManage:352 - Loaded plugin updater (category:base,tabindex:12)
2025-09-27 16:48:45,758 [INFO] PluginManage:275 - PluginManage : Loaded plugins [13]
2025-09-27 16:48:45,904 [INFO] PinOutPanel:1463 - setPackage(No Configuration,No Configuration)
2025-09-27 16:48:45,982 [INFO] IPUIPlugin:74 - create IPUIPlugin
2025-09-27 16:48:45,983 [INFO] PluginManager:213 - loadIPPluginJar : add adc
2025-09-27 16:48:45,986 [INFO] IPUIPlugin:74 - create IPUIPlugin
2025-09-27 16:48:45,986 [INFO] PluginManager:213 - loadIPPluginJar : add aes
2025-09-27 16:48:45,988 [INFO] IPUIPlugin:74 - create IPUIPlugin
2025-09-27 16:48:45,988 [INFO] PluginManager:213 - loadIPPluginJar : add can
2025-09-27 16:48:45,989 [INFO] IPUIPlugin:74 - create IPUIPlugin
2025-09-27 16:48:45,990 [INFO] PluginManager:213 - loadIPPluginJar : add comp
2025-09-27 16:48:45,992 [INFO] IPUIPlugin:74 - create IPUIPlugin
2025-09-27 16:48:45,992 [INFO] PluginManager:213 - loadIPPluginJar : add cryp
2025-09-27 16:48:45,994 [INFO] IPUIPlugin:74 - create IPUIPlugin
2025-09-27 16:48:45,994 [INFO] PluginManager:213 - loadIPPluginJar : add dfsdm
2025-09-27 16:48:45,999 [INFO] IPUIPlugin:74 - create IPUIPlugin
2025-09-27 16:48:45,999 [INFO] PluginManager:213 - loadIPPluginJar : add dma
2025-09-27 16:48:46,001 [INFO] IPUIPlugin:74 - create IPUIPlugin
2025-09-27 16:48:46,001 [INFO] PluginManager:213 - loadIPPluginJar : add dma3
2025-09-27 16:48:46,002 [INFO] IPUIPlugin:74 - create IPUIPlugin
2025-09-27 16:48:46,002 [INFO] PluginManager:213 - loadIPPluginJar : add fatfs
2025-09-27 16:48:46,005 [INFO] IPUIPlugin:74 - create IPUIPlugin
2025-09-27 16:48:46,005 [INFO] PluginManager:213 - loadIPPluginJar : add fmc
2025-09-27 16:48:46,010 [INFO] IPUIPlugin:74 - create IPUIPlugin
2025-09-27 16:48:46,010 [INFO] PluginManager:213 - loadIPPluginJar : add freertos
2025-09-27 16:48:46,011 [INFO] IPUIPlugin:74 - create IPUIPlugin
2025-09-27 16:48:46,011 [INFO] PluginManager:213 - loadIPPluginJar : add genericplugin
2025-09-27 16:48:46,013 [INFO] IPUIPlugin:74 - create IPUIPlugin
2025-09-27 16:48:46,013 [INFO] PluginManager:213 - loadIPPluginJar : add gfxmmu
2025-09-27 16:48:46,018 [INFO] IPUIPlugin:74 - create IPUIPlugin
2025-09-27 16:48:46,018 [INFO] PluginManager:213 - loadIPPluginJar : add gic
2025-09-27 16:48:46,021 [INFO] IPUIPlugin:74 - create IPUIPlugin
2025-09-27 16:48:46,021 [INFO] PluginManager:213 - loadIPPluginJar : add gpio
2025-09-27 16:48:46,023 [INFO] IPUIPlugin:74 - create IPUIPlugin
2025-09-27 16:48:46,023 [INFO] PluginManager:213 - loadIPPluginJar : add gtzc
2025-09-27 16:48:46,025 [INFO] IPUIPlugin:74 - create IPUIPlugin
2025-09-27 16:48:46,025 [INFO] PluginManager:213 - loadIPPluginJar : add hash
2025-09-27 16:48:46,026 [INFO] IPUIPlugin:74 - create IPUIPlugin
2025-09-27 16:48:46,027 [INFO] PluginManager:213 - loadIPPluginJar : add i2c
2025-09-27 16:48:46,028 [INFO] IPUIPlugin:74 - create IPUIPlugin
2025-09-27 16:48:46,028 [INFO] PluginManager:213 - loadIPPluginJar : add i2s
2025-09-27 16:48:46,032 [INFO] IPUIPlugin:74 - create IPUIPlugin
2025-09-27 16:48:46,032 [INFO] PluginManager:213 - loadIPPluginJar : add ipddr
2025-09-27 16:48:46,038 [INFO] IPUIPlugin:74 - create IPUIPlugin
2025-09-27 16:48:46,039 [INFO] PluginManager:213 - loadIPPluginJar : add linkedlist
2025-09-27 16:48:46,041 [INFO] IPUIPlugin:74 - create IPUIPlugin
2025-09-27 16:48:46,041 [INFO] PluginManager:213 - loadIPPluginJar : add lorawan
2025-09-27 16:48:46,042 [INFO] IPUIPlugin:74 - create IPUIPlugin
2025-09-27 16:48:46,042 [INFO] PluginManager:213 - loadIPPluginJar : add ltdc
2025-09-27 16:48:46,047 [INFO] IPUIPlugin:74 - create IPUIPlugin
2025-09-27 16:48:46,048 [INFO] PluginManager:213 - loadIPPluginJar : add mdma
2025-09-27 16:48:46,053 [INFO] IPUIPlugin:74 - create IPUIPlugin
2025-09-27 16:48:46,053 [INFO] PluginManager:213 - loadIPPluginJar : add nvic
2025-09-27 16:48:46,056 [INFO] IPUIPlugin:74 - create IPUIPlugin
2025-09-27 16:48:46,056 [INFO] PluginManager:213 - loadIPPluginJar : add opamp
2025-09-27 16:48:46,059 [INFO] IPUIPlugin:74 - create IPUIPlugin
2025-09-27 16:48:46,059 [INFO] PluginManager:213 - loadIPPluginJar : add openamp
2025-09-27 16:48:46,062 [INFO] IPUIPlugin:74 - create IPUIPlugin
2025-09-27 16:48:46,062 [INFO] PluginManager:213 - loadIPPluginJar : add pdm2pcm
2025-09-27 16:48:46,068 [INFO] IPUIPlugin:74 - create IPUIPlugin
2025-09-27 16:48:46,071 [INFO] PluginManager:213 - loadIPPluginJar : add plateformsettings
2025-09-27 16:48:46,072 [INFO] IPUIPlugin:74 - create IPUIPlugin
2025-09-27 16:48:46,072 [INFO] PluginManager:213 - loadIPPluginJar : add quadspi
2025-09-27 16:48:46,075 [INFO] IPUIPlugin:74 - create IPUIPlugin
2025-09-27 16:48:46,075 [INFO] PluginManager:213 - loadIPPluginJar : add resmgrutility
2025-09-27 16:48:46,077 [INFO] IPUIPlugin:74 - create IPUIPlugin
2025-09-27 16:48:46,077 [INFO] PluginManager:213 - loadIPPluginJar : add sai
2025-09-27 16:48:46,079 [INFO] IPUIPlugin:74 - create IPUIPlugin
2025-09-27 16:48:46,079 [INFO] PluginManager:213 - loadIPPluginJar : add spi
2025-09-27 16:48:46,084 [INFO] IPUIPlugin:74 - create IPUIPlugin
2025-09-27 16:48:46,084 [INFO] PluginManager:213 - loadIPPluginJar : add stm32_wpan
2025-09-27 16:48:46,085 [INFO] IPUIPlugin:74 - create IPUIPlugin
2025-09-27 16:48:46,085 [INFO] PluginManager:213 - loadIPPluginJar : add tim
2025-09-27 16:48:46,088 [INFO] IPUIPlugin:74 - create IPUIPlugin
2025-09-27 16:48:46,088 [INFO] PluginManager:213 - loadIPPluginJar : add touchsensing
2025-09-27 16:48:46,090 [INFO] IPUIPlugin:74 - create IPUIPlugin
2025-09-27 16:48:46,090 [INFO] PluginManager:213 - loadIPPluginJar : add tracer_emb
2025-09-27 16:48:46,092 [INFO] IPUIPlugin:74 - create IPUIPlugin
2025-09-27 16:48:46,092 [INFO] PluginManager:213 - loadIPPluginJar : add ts
2025-09-27 16:48:46,094 [INFO] IPUIPlugin:74 - create IPUIPlugin
2025-09-27 16:48:46,094 [INFO] PluginManager:213 - loadIPPluginJar : add tsc
2025-09-27 16:48:46,096 [INFO] IPUIPlugin:74 - create IPUIPlugin
2025-09-27 16:48:46,096 [INFO] PluginManager:213 - loadIPPluginJar : add ucpd
2025-09-27 16:48:46,098 [INFO] IPUIPlugin:74 - create IPUIPlugin
2025-09-27 16:48:46,099 [INFO] PluginManager:213 - loadIPPluginJar : add usart
2025-09-27 16:48:46,100 [INFO] IPUIPlugin:74 - create IPUIPlugin
2025-09-27 16:48:46,101 [INFO] PluginManager:213 - loadIPPluginJar : add usbx
2025-09-27 16:48:46,501 [FATAL] Updater:294 - Updater called before beeing initialized
2025-09-27 16:48:46,609 [FATAL] Updater:294 - Updater called before beeing initialized
2025-09-27 16:48:46,613 [INFO] DbMcusAds:47 - JSON generation date=Tue Jul 08 15:14:23 ICT 2025 (1751962463524)
2025-09-27 16:48:46,613 [FATAL] Updater:294 - Updater called before beeing initialized
2025-09-27 16:48:46,648 [WARN] DetailPanel:314 - Failed to get advertising image, set to default
2025-09-27 16:48:46,731 [FATAL] Updater:294 - Updater called before beeing initialized
2025-09-27 16:48:46,733 [FATAL] Updater:294 - Updater called before beeing initialized
2025-09-27 16:48:46,733 [FATAL] Updater:294 - Updater called before beeing initialized
2025-09-27 16:48:46,733 [WARN] DetailPanel:314 - Failed to get advertising image, set to default
2025-09-27 16:48:46,734 [FATAL] Updater:294 - Updater called before beeing initialized
2025-09-27 16:48:46,778 [ERROR] Updater:1075 - MainUpdater not yet initialized. External WinMGr cannot be set.
2025-09-27 16:48:46,780 [INFO] Updater:1012 - Updater Version found : 6.3.0
2025-09-27 16:48:46,795 [INFO] ApplicationProperties:181 - Using Application install path: D:\STM32CubeIDE_1.7.0\STM32CubeIDE\plugins\com.st.stm32cube.common.mx_6.3.0.202107141111
2025-09-27 16:48:46,902 [INFO] MainUpdater:2671 - connection check result : 10
2025-09-27 16:48:46,903 [INFO] MainUpdater:265 - Updater Check For Update Now.
2025-09-27 16:48:46,904 [INFO] MicroXplorer:478 - Change Database Version : DB.6.0.30
2025-09-27 16:48:47,056 [INFO] CheckServerUpdateThread:112 - End of CheckServer Thread
2025-09-27 16:48:47,133 [INFO] MainUpdater:2671 - connection check result : 10
2025-09-27 16:48:47,404 [INFO] McuFinderGlobals:52 - Set McuFinderConnectedMode to false
2025-09-27 16:48:47,496 [INFO] CrossSelectorPresenter:1330 - Cross Selector saved comparison directory: C:\Users\Sang\.stmcufinder\plugins\mcufinder\mcu\cs_comparisons_mx
2025-09-27 16:48:47,501 [INFO] MultiScanPanel:197 - Auto-refresh data requested => check proxy status ongoing
2025-09-27 16:48:47,502 [INFO] MultiScanPanel:201 - Proxy status is invalid
2025-09-27 16:48:47,505 [INFO] FinderPluginLoader:87 - Searching for filters in installed packs
2025-09-27 16:48:47,507 [INFO] DbMcusXml:100 - Load MCU database from D:\STM32CubeIDE_1.7.0\STM32CubeIDE\plugins\com.st.stm32cube.common.mx_6.3.0.202107141111\\db\/mcu/families.xml
2025-09-27 16:48:48,151 [INFO] DbMcusJson:93 - JSON generation date=Tue Nov 16 23:17:54 ICT 2021 (1637079474)
2025-09-27 16:48:48,614 [ERROR] Engine:463 - C:\Users\Sang\.stm32cubemx\thirdparties\pdsc\WES.I-CUBE-Cesium.1.4.0.pdsc: PDSC version is not supported
2025-09-27 16:48:48,616 [ERROR] Engine:463 - C:\Users\Sang\.stm32cubemx\thirdparties\pdsc\STMicroelectronics.X-CUBE-FREERTOS.1.3.1.pdsc: PDSC version is not supported
2025-09-27 16:48:48,618 [ERROR] Engine:463 - C:\Users\Sang\.stm32cubemx\thirdparties\pdsc\quantropi.X-CUBE-qispace-sdk-base.2.1.0.pdsc: PDSC version is not supported
2025-09-27 16:48:48,621 [ERROR] Engine:463 - C:\Users\Sang\.stm32cubemx\thirdparties\pdsc\EmbeddedOffice.I-CUBE-FS-RTOS.1.0.1.pdsc: PDSC version is not supported
2025-09-27 16:48:48,622 [INFO] ThirdParty:915 - Integrity check success = true
2025-09-27 16:48:48,622 [INFO] IntegrityCheckThread:94 - exiting critical section [integrity check]
2025-09-27 16:48:48,622 [INFO] IntegrityCheckThread:97 - End integrity checks thread
2025-09-27 16:48:48,664 [INFO] DbMcus:175 - Found 1951 MCUs (1903 are supported by CubeMX, 1914 are visible in CubeMX)
2025-09-27 16:48:48,664 [INFO] ApiDb:251 - Load user favorites file C:\Users\Sang/.stm32cubeide/favorites.mcus.txt: 0 item(s)
2025-09-27 16:48:48,664 [INFO] ApiDb:255 - User favorites MCUs=[]
2025-09-27 16:48:48,664 [INFO] DbMcus:187 - Set 0 / 0 favorites MCUs
2025-09-27 16:48:49,256 [INFO] DetailPanel:309 - Set advertising image to C:/Users/Sang/STM32Cube/Repository/\en.2400x1350px.jpeg
2025-09-27 16:48:49,695 [INFO] DbBoardsPdsc:90 - Found 25 items
2025-09-27 16:48:49,697 [INFO] DbBoardsPdsc:90 - Found 9 items
2025-09-27 16:48:49,701 [INFO] DbBoardsPdsc:90 - Found 33 items
2025-09-27 16:48:49,702 [INFO] DbBoardsPdsc:90 - Found 1 items
2025-09-27 16:48:49,709 [INFO] DbBoardsPdsc:90 - Found 48 items
2025-09-27 16:48:49,718 [INFO] DbBoardsPdsc:90 - Found 43 items
2025-09-27 16:48:49,720 [INFO] DbBoardsPdsc:90 - Found 2 items
2025-09-27 16:48:49,722 [INFO] DbBoardsPdsc:90 - Found 5 items
2025-09-27 16:48:49,726 [WARN] DbBoardsPdsc:254 - Board STM32H7B3I-DK: unknown feature type=Audio, name=, username=Audio stereo codec with Headphone Amp (CS42L51-CNZ), n=1
2025-09-27 16:48:49,727 [WARN] DbBoardsPdsc:254 - Board STM32H735G-DK: unknown feature type=Audio, name=, username=Audio stereo codec with Headphone Amp (WM8994ECS/R), n=1
2025-09-27 16:48:49,729 [WARN] DbBoardsPdsc:254 - Board STM32H7B3I-EVAL: unknown feature type=Audio, name=, username=Multi-Channel Audio Codec (CS42L51-CNZ), n=1
2025-09-27 16:48:49,729 [WARN] DbBoardsPdsc:254 - Board STM32H7B3I-EVAL: unknown feature type=Meter, name=, username=Power-metering and Temperature-monitoring with sigma-delta modulators, n=1
2025-09-27 16:48:49,729 [WARN] DbBoardsPdsc:254 - Board STM32H7B3I-EVAL: unknown feature type=Motor, name=, username=Motor Control, n=1
2025-09-27 16:48:49,730 [WARN] DbBoardsPdsc:254 - Board STM32U575I-EV: unknown feature type=joystick, name=, username=4-direction joystick with selection button, n=1
2025-09-27 16:48:49,754 [INFO] DbBoardsJson:86 - JSON generation date=Tue Nov 16 23:17:54 ICT 2021 (1637079474)
2025-09-27 16:48:49,763 [INFO] DbBoards:117 - Found 167 boards (163 are supported by CubeMX)
2025-09-27 16:48:49,767 [INFO] DbBoardsDocs:143 - JSON generation date=Tue Nov 16 23:17:54 ICT 2021 (1637079474)
2025-09-27 16:48:49,771 [INFO] DbBoardsDocs:79 - Found 209 boards documents
2025-09-27 16:48:49,772 [WARN] DbBoards:127 - board B-L475E-IOT01A2 has no document id list !
2025-09-27 16:48:49,774 [WARN] DbBoards:127 - board NUCLEO-H743ZI has no document id list !
2025-09-27 16:48:49,776 [WARN] DbBoards:127 - board NUCLEO-WL55JC2 has no document id list !
2025-09-27 16:48:49,776 [WARN] DbBoards:127 - board P-NUCLEO-WB55-Nucleo has no document id list !
2025-09-27 16:48:49,776 [WARN] DbBoards:127 - board P-NUCLEO-WB55-USBDongle has no document id list !
2025-09-27 16:48:49,776 [WARN] DbBoards:127 - board STEVAL-BFA001V1B has no document id list !
2025-09-27 16:48:49,776 [WARN] DbBoards:127 - board STEVAL-BFA001V2B has no document id list !
2025-09-27 16:48:49,776 [WARN] DbBoards:127 - board STEVAL-IDP005V1 has no document id list !
2025-09-27 16:48:49,776 [WARN] DbBoards:127 - board STEVAL-IDP005V2 has no document id list !
2025-09-27 16:48:49,776 [WARN] DbBoards:127 - board STEVAL-MKSBOX1V1 has no document id list !
2025-09-27 16:48:49,776 [WARN] DbBoards:127 - board STEVAL-STWINKT1 has no document id list !
2025-09-27 16:48:49,776 [WARN] DbBoards:127 - board STEVAL-STWINKT1B has no document id list !
2025-09-27 16:48:49,776 [WARN] DbBoards:127 - board STM32439I-EVAL2 has no document id list !
2025-09-27 16:48:49,777 [WARN] DbBoards:127 - board STM32F401C-DISCO has no document id list !
2025-09-27 16:48:49,777 [WARN] DbBoards:127 - board STM32F769I-DISC1 has no document id list !
2025-09-27 16:48:49,778 [WARN] DbBoards:127 - board STM32G474E-EVAL1 has no document id list !
2025-09-27 16:48:49,778 [WARN] DbBoards:127 - board STM32H743I-EVAL2 has no document id list !
2025-09-27 16:48:49,778 [WARN] DbBoards:127 - board STM32H747I-DISC1 has no document id list !
2025-09-27 16:48:49,778 [WARN] DbBoards:127 - board STM32H753I-EVAL2 has no document id list !
2025-09-27 16:48:49,779 [WARN] DbBoards:127 - board STM32L-DISCOVERY has no document id list !
2025-09-27 16:48:49,896 [ERROR] DbBoards:189 - Image file not found for board B-U585I-IOT02A: D:\STM32CubeIDE_1.7.0\STM32CubeIDE\plugins\com.st.stm32cube.common.mx_6.3.0.202107141111\\db\/plugins/mcufinder/images/boards/B-U585I-IOT02A_small.jpg
2025-09-27 16:48:49,993 [ERROR] DbBoards:189 - Image file not found for board NUCLEO-F413ZH: D:\STM32CubeIDE_1.7.0\STM32CubeIDE\plugins\com.st.stm32cube.common.mx_6.3.0.202107141111\\db\/plugins/mcufinder/images/boards/nucleo-f413zh_small.jpg
2025-09-27 16:48:50,167 [ERROR] DbBoards:189 - Image file not found for board NUCLEO-L552ZE-Q: D:\STM32CubeIDE_1.7.0\STM32CubeIDE\plugins\com.st.stm32cube.common.mx_6.3.0.202107141111\\db\/plugins/mcufinder/images/boards/nucleo_l552ze_q_small.jpg
2025-09-27 16:48:50,168 [ERROR] DbBoards:189 - Image file not found for board NUCLEO-U575ZI-Q: D:\STM32CubeIDE_1.7.0\STM32CubeIDE\plugins\com.st.stm32cube.common.mx_6.3.0.202107141111\\db\/plugins/mcufinder/images/boards/nucleo-u575zi-q_small.jpg
2025-09-27 16:48:50,168 [ERROR] DbBoards:189 - Image file not found for board NUCLEO-WB15CC: D:\STM32CubeIDE_1.7.0\STM32CubeIDE\plugins\com.st.stm32cube.common.mx_6.3.0.202107141111\\db\/plugins/mcufinder/images/boards/nucleo-wb15cc_small.jpg
2025-09-27 16:48:50,168 [ERROR] DbBoards:189 - Image file not found for board NUCLEO-WB55RG: D:\STM32CubeIDE_1.7.0\STM32CubeIDE\plugins\com.st.stm32cube.common.mx_6.3.0.202107141111\\db\/plugins/mcufinder/images/boards/nucleo-wb55rg_small.jpg
2025-09-27 16:48:51,444 [INFO] ApiDb:251 - Load user favorites file C:\Users\Sang/.stm32cubeide/favorites.boards.txt: 0 item(s)
2025-09-27 16:48:51,444 [INFO] ApiDb:255 - User favorites Boards=[]
2025-09-27 16:48:51,445 [INFO] DbBoards:206 - Set 0 / 0 favorites Boards
2025-09-27 16:49:04,505 [INFO] DbMcusDocs:143 - JSON generation date=Tue Nov 16 23:17:54 ICT 2021 (1637079474)
2025-09-27 16:49:04,757 [INFO] DbMcusDocs:79 - Found 682 MCUs documents
2025-09-27 16:49:16,242 [INFO] MainUpdater:2671 - connection check result : 10
2025-09-27 16:49:16,242 [INFO] MainUpdater:2671 - connection check result : 10
2025-09-27 16:49:16,325 [INFO] MicroXplorer:448 - Change Database Path : 
2025-09-27 16:49:16,325 [INFO] MicroXplorer:478 - Change Database Version : DB.6.0.30
2025-09-27 16:49:16,326 [WARN] ThirdParty:813 - waiting for thirdparty lock release [close project]
2025-09-27 16:49:16,327 [INFO] ThirdParty:815 - entering critical section [close project]
2025-09-27 16:49:16,328 [INFO] ThirdParty:825 - exiting critical section [close project]
2025-09-27 16:49:16,335 [INFO] PinOutPanel:1463 - setPackage(No Configuration,No Configuration)
2025-09-27 16:49:16,336 [INFO] UtilMem:74 - Begin LoadConfig() Used Memory: 338991192 Bytes (403701760)
2025-09-27 16:49:16,337 [INFO] MicroXplorer:448 - Change Database Path : 
2025-09-27 16:49:16,337 [INFO] MicroXplorer:478 - Change Database Version : DB.6.0.30
2025-09-27 16:49:16,337 [INFO] OpenFileManager:313 - Change cursor
2025-09-27 16:49:17,202 [INFO] Context:592 - Trying to add GPIOservice into a context  which must be forbidden
2025-09-27 16:49:17,393 [INFO] ImportTextPane:167 - (OptionalMessage_ERROR) Unable to find key (Mcu.ThirdPartyNb) in loaded IOC file
2025-09-27 16:49:17,393 [INFO] ImportTextPane:167 - (OptionalMessage_ERROR) Unable to find key (Mcu.PinsNb) in loaded IOC file
2025-09-27 16:49:17,393 [INFO] ImportTextPane:167 - (OptionalMessage_ERROR) Unable to find key (Mcu.IPNb) in loaded IOC file
2025-09-27 16:49:17,432 [INFO] RtosManager:484 - Registered RTOS mode: class=CMSIS, group=RTOS, mode=CMSIS_V1, owner=FREERTOS
2025-09-27 16:49:17,432 [INFO] RtosManager:484 - Registered RTOS mode: class=CMSIS, group=RTOS2, mode=CMSIS_V2, owner=FREERTOS
2025-09-27 16:49:17,433 [INFO] RtosManager:484 - Registered RTOS mode: class=RTOS, group=Core, mode=CMSIS_V1, owner=FREERTOS
2025-09-27 16:49:17,433 [INFO] RtosManager:484 - Registered RTOS mode: class=RTOS, group=Core, mode=CMSIS_V2, owner=FREERTOS
2025-09-27 16:49:17,433 [WARN] ModelIntegratedComponent:181 - Missing modes for component STMicroelectronics:FreeRTOS:0.0.1:STMicroelectronics:RTOS:FreeRTOS:Core:::10.2.0:
2025-09-27 16:49:17,435 [WARN] ModelIntegratedComponent:60 - No mode defined for component null
2025-09-27 16:49:17,436 [WARN] ModelIntegratedComponent:60 - No mode defined for component null
2025-09-27 16:49:17,436 [WARN] ModelIntegratedComponent:60 - No mode defined for component null
2025-09-27 16:49:17,436 [WARN] ModelIntegratedComponent:60 - No mode defined for component null
2025-09-27 16:49:17,436 [WARN] ModelIntegratedComponent:60 - No mode defined for component null
2025-09-27 16:49:17,436 [WARN] ModelIntegratedComponent:60 - No mode defined for component null
2025-09-27 16:49:17,436 [WARN] ModelIntegratedComponent:60 - No mode defined for component null
2025-09-27 16:49:17,436 [WARN] ModelIntegratedComponent:60 - No mode defined for component null
2025-09-27 16:49:17,436 [WARN] ModelIntegratedComponent:60 - No mode defined for component null
2025-09-27 16:49:17,436 [WARN] ModelIntegratedComponent:60 - No mode defined for component null
2025-09-27 16:49:17,436 [WARN] ModelIntegratedComponent:60 - No mode defined for component null
2025-09-27 16:49:17,436 [WARN] ModelIntegratedComponent:60 - No mode defined for component null
2025-09-27 16:49:17,436 [WARN] ModelIntegratedComponent:60 - No mode defined for component null
2025-09-27 16:49:17,436 [WARN] ModelIntegratedComponent:60 - No mode defined for component null
2025-09-27 16:49:17,437 [WARN] ModelIntegratedComponent:60 - No mode defined for component null
2025-09-27 16:49:17,437 [WARN] ModelIntegratedComponent:60 - No mode defined for component null
2025-09-27 16:49:17,437 [WARN] ModelIntegratedComponent:60 - No mode defined for component null
2025-09-27 16:49:17,437 [WARN] ModelIntegratedComponent:60 - No mode defined for component null
2025-09-27 16:49:17,437 [WARN] ModelIntegratedComponent:60 - No mode defined for component null
2025-09-27 16:49:17,437 [WARN] ModelIntegratedComponent:60 - No mode defined for component null
2025-09-27 16:49:17,437 [WARN] ModelIntegratedComponent:60 - No mode defined for component null
2025-09-27 16:49:17,437 [WARN] ModelIntegratedComponent:60 - No mode defined for component null
2025-09-27 16:49:17,437 [WARN] ModelIntegratedComponent:60 - No mode defined for component null
2025-09-27 16:49:17,437 [WARN] ModelIntegratedComponent:60 - No mode defined for component null
2025-09-27 16:49:17,437 [WARN] ModelIntegratedComponent:60 - No mode defined for component null
2025-09-27 16:49:17,437 [WARN] ModelIntegratedComponent:60 - No mode defined for component null
2025-09-27 16:49:17,437 [WARN] ModelIntegratedComponent:60 - No mode defined for component null
2025-09-27 16:49:17,437 [WARN] ModelIntegratedComponent:60 - No mode defined for component null
2025-09-27 16:49:17,438 [WARN] ModelIntegratedComponent:60 - No mode defined for component null
2025-09-27 16:49:17,438 [WARN] ModelIntegratedComponent:60 - No mode defined for component null
2025-09-27 16:49:17,438 [WARN] ModelIntegratedComponent:60 - No mode defined for component null
2025-09-27 16:49:17,593 [INFO] UtilMem:74 - End LoadConfig() Used Memory: 372024176 Bytes (430964736)
2025-09-27 16:49:17,595 [WARN] ThirdParty:779 - waiting for thirdparty lock release [change project]
2025-09-27 16:49:17,595 [INFO] ThirdParty:781 - entering critical section [change project]
2025-09-27 16:49:17,595 [INFO] ThirdParty:967 - CMSIS Pack Vendor :STMicroelectronics USB_HOST 2.0.0
2025-09-27 16:49:17,595 [INFO] ThirdParty:967 - CMSIS Pack Vendor :STMicroelectronics FreeRTOS 0.0.1
2025-09-27 16:49:17,595 [INFO] ThirdParty:967 - CMSIS Pack Vendor :STMicroelectronics USB_DEVICE 1.0.0
2025-09-27 16:49:17,595 [INFO] ThirdParty:967 - CMSIS Pack Vendor :STMicroelectronics USB_DEVICE 3.0.0
2025-09-27 16:49:17,595 [INFO] ThirdParty:967 - CMSIS Pack Vendor :STMicroelectronics HAL Drivers 0.0.0
2025-09-27 16:49:17,595 [INFO] ThirdParty:967 - CMSIS Pack Vendor :STMicroelectronics MBEDTLS 2.16.2
2025-09-27 16:49:17,595 [INFO] ThirdParty:967 - CMSIS Pack Vendor :STMicroelectronics ThreadX 0.0.2
2025-09-27 16:49:17,595 [INFO] ThirdParty:967 - CMSIS Pack Vendor :STMicroelectronics lwIP 2.0.3
2025-09-27 16:49:17,595 [INFO] ThirdParty:967 - CMSIS Pack Vendor :STMicroelectronics lwIP 2.1.2
2025-09-27 16:49:17,595 [INFO] ThirdParty:967 - CMSIS Pack Vendor :STMicroelectronics MBEDTLS 2.14.1
2025-09-27 16:49:17,595 [INFO] ThirdParty:967 - CMSIS Pack Vendor :STMicroelectronics USB_HOST 1.0.0
2025-09-27 16:49:17,595 [INFO] ThirdParty:967 - CMSIS Pack Vendor :STMicroelectronics PDM2PCM 3.1.0
2025-09-27 16:49:17,596 [INFO] ThirdParty:967 - CMSIS Pack Vendor :STMicroelectronics PDM2PCM 3.2.0
2025-09-27 16:49:17,596 [INFO] ThirdParty:967 - CMSIS Pack Vendor :STMicroelectronics USB_DEVICE 2.0.0
2025-09-27 16:49:17,596 [INFO] ThirdParty:967 - CMSIS Pack Vendor :STMicroelectronics PDM2PCM 3.3.0
2025-09-27 16:49:17,596 [INFO] ThirdParty:787 - exiting critical section [change project]
2025-09-27 16:49:17,807 [INFO] PinOutPanel:1463 - setPackage(No Configuration,No Configuration)
2025-09-27 16:49:17,810 [INFO] PinOutPanel:1463 - setPackage(STM32F103C6Ux,UFQFPN48)
2025-09-27 16:49:18,165 [INFO] UtilMem:74 - Before build in PCC Used Memory: 364643112 Bytes (466616320)
2025-09-27 16:49:18,678 [INFO] UtilMem:74 - After build in PCC Used Memory: 367939616 Bytes (466616320)
2025-09-27 16:49:18,697 [INFO] IPUIPlugin:74 - create IPUIPlugin
2025-09-27 16:49:18,697 [INFO] IPUIPlugin:74 - create IPUIPlugin
2025-09-27 16:49:18,697 [INFO] IPUIPlugin:74 - create IPUIPlugin
2025-09-27 16:49:18,698 [INFO] IPUIPlugin:74 - create IPUIPlugin
2025-09-27 16:49:18,698 [INFO] IPUIPlugin:74 - create IPUIPlugin
2025-09-27 16:49:18,698 [INFO] IPUIPlugin:74 - create IPUIPlugin
2025-09-27 16:49:18,698 [INFO] IPUIPlugin:74 - create IPUIPlugin
2025-09-27 16:49:18,698 [INFO] IPUIPlugin:74 - create IPUIPlugin
2025-09-27 16:49:18,698 [INFO] IPUIPlugin:74 - create IPUIPlugin
2025-09-27 16:49:18,698 [INFO] IPUIPlugin:74 - create IPUIPlugin
2025-09-27 16:49:18,698 [INFO] IPUIPlugin:74 - create IPUIPlugin
2025-09-27 16:49:18,699 [INFO] IPUIPlugin:74 - create IPUIPlugin
2025-09-27 16:49:18,699 [INFO] IPUIPlugin:74 - create IPUIPlugin
2025-09-27 16:49:18,699 [INFO] IPUIPlugin:74 - create IPUIPlugin
2025-09-27 16:49:18,699 [INFO] IPUIPlugin:74 - create IPUIPlugin
2025-09-27 16:49:18,699 [INFO] IPUIPlugin:74 - create IPUIPlugin
2025-09-27 16:49:18,700 [INFO] IPUIPlugin:74 - create IPUIPlugin
2025-09-27 16:49:18,700 [INFO] IPUIPlugin:74 - create IPUIPlugin
2025-09-27 16:49:18,700 [INFO] IPUIPlugin:74 - create IPUIPlugin
2025-09-27 16:49:18,701 [INFO] IPUIPlugin:74 - create IPUIPlugin
2025-09-27 16:49:18,701 [INFO] IPUIPlugin:74 - create IPUIPlugin
2025-09-27 16:49:18,701 [INFO] IPUIPlugin:74 - create IPUIPlugin
2025-09-27 16:49:18,701 [INFO] IPUIPlugin:74 - create IPUIPlugin
2025-09-27 16:49:18,808 [INFO] OpenFileManager:333 - Restore cursor
2025-09-27 16:49:19,117 [INFO] UtilMem:74 - End SaveConfig() Used Memory: 405822040 Bytes (466616320)
2025-09-27 16:49:19,174 [INFO] UtilMem:74 - End SaveConfig() Used Memory: 393122232 Bytes (466616320)
2025-09-27 16:49:19,441 [INFO] BlockDiagram:2740 - set Specific Code input for plugin: NVIC
2025-09-27 16:49:19,441 [INFO] BlockDiagram:2740 - set Specific Code input for plugin: SYS
2025-09-27 16:49:19,441 [INFO] BlockDiagram:2740 - set Specific Code input for plugin: RCC
2025-09-27 16:49:19,442 [INFO] CodeGenerator:663 - code generatio: config db path: D:\STM32CubeIDE_1.7.0\STM32CubeIDE\plugins\com.st.stm32cube.common.mx_6.3.0.202107141111\\db\
2025-09-27 16:49:19,670 [INFO] CodeEngine:239 - oldGeneratedFile, D:\MCU\LAB1\LAB1\EX1\MXTmpFiles\license.tmp_save
2025-09-27 16:49:20,011 [INFO] CodeEngine:257 - Generated code: D:\MCU\LAB1\LAB1\EX1\MXTmpFiles\license.tmp
2025-09-27 16:49:20,104 [INFO] CodeEngine:239 - oldGeneratedFile, D:\MCU\LAB1\LAB1\EX1\Core\Src\stm32f1xx_it.c_save
2025-09-27 16:49:20,237 [INFO] CodeEngine:257 - Generated code: D:\MCU\LAB1\LAB1\EX1\Core\Src\stm32f1xx_it.c
2025-09-27 16:49:20,241 [INFO] CodeEngine:239 - oldGeneratedFile, D:\MCU\LAB1\LAB1\EX1\Core\Inc\stm32f1xx_it.h_save
2025-09-27 16:49:20,301 [INFO] CodeEngine:257 - Generated code: D:\MCU\LAB1\LAB1\EX1\Core\Inc\stm32f1xx_it.h
2025-09-27 16:49:20,311 [INFO] CodeEngine:239 - oldGeneratedFile, D:\MCU\LAB1\LAB1\EX1\Core\Src\stm32f1xx_hal_msp.c_save
2025-09-27 16:49:20,410 [INFO] CodeEngine:257 - Generated code: D:\MCU\LAB1\LAB1\EX1\Core\Src\stm32f1xx_hal_msp.c
2025-09-27 16:49:20,414 [INFO] CodeEngine:239 - oldGeneratedFile, D:\MCU\LAB1\LAB1\EX1\MXTmpFiles\system.tmp_save
2025-09-27 16:49:20,473 [INFO] CodeEngine:257 - Generated code: D:\MCU\LAB1\LAB1\EX1\MXTmpFiles\system.tmp
2025-09-27 16:49:20,478 [INFO] CodeEngine:239 - oldGeneratedFile, D:\MCU\LAB1\LAB1\EX1\Core\Inc\stm32f1xx_hal_conf.h_save
2025-09-27 16:49:20,604 [INFO] CodeEngine:257 - Generated code: D:\MCU\LAB1\LAB1\EX1\Core\Inc\stm32f1xx_hal_conf.h
2025-09-27 16:49:20,649 [INFO] CodeEngine:239 - oldGeneratedFile, D:\MCU\LAB1\LAB1\EX1\Core\Inc\main.h_save
2025-09-27 16:49:20,738 [INFO] CodeEngine:257 - Generated code: D:\MCU\LAB1\LAB1\EX1\Core\Inc\main.h
2025-09-27 16:49:20,740 [INFO] CodeEngine:239 - oldGeneratedFile, D:\MCU\LAB1\LAB1\EX1\Core\Src\main.c_save
2025-09-27 16:49:20,853 [INFO] CodeEngine:257 - Generated code: D:\MCU\LAB1\LAB1\EX1\Core\Src\main.c
2025-09-27 16:49:21,529 [INFO] ProjectBuilder:2578 - Time for Copy HAL[1] : 80mS.
2025-09-27 16:49:21,534 [INFO] ProjectBuilder:3622 - Project Generator version: 3.14.1
2025-09-27 16:49:21,898 [INFO] ConfigFileManager:1271 - The Die is : DIE412
2025-09-27 16:49:21,925 [INFO] ApiDbMcu:468 - Load IP Config File for FATFS
2025-09-27 16:49:21,945 [INFO] ApiDbMcu:468 - Load IP Config File for FREERTOS
2025-09-27 16:49:21,965 [INFO] ApiDbMcu:468 - Load IP Config File for USB_DEVICE
2025-09-27 16:49:25,807 [INFO] ProjectBuilder:3789 - Time for Generating toolchain IDE Files: 4273mS.
2025-09-27 16:49:25,808 [INFO] ProjectBuilder:2457 - Time for Copy CMSIS : 0mS.
2025-09-27 16:49:25,809 [INFO] ProjectBuilder:2457 - Time for Copy CMSIS : 0mS.
2025-09-27 16:49:27,042 [INFO] McuFinderGlobals:52 - Set McuFinderConnectedMode to true
2025-09-27 16:49:27,044 [INFO] ApiDb:276 - Save user favorites file C:\Users\Sang/.stm32cubeide/favorites.mcus.txt: 0 item(s)
2025-09-27 16:49:27,044 [INFO] ApiDb:280 - User favorites MCUs=[]
2025-09-27 16:50:13,285 [INFO] MainUpdater:2671 - connection check result : 10
2025-09-27 16:50:13,483 [INFO] McuFinderGlobals:52 - Set McuFinderConnectedMode to false
2025-09-27 16:50:13,499 [INFO] CrossSelectorPresenter:1330 - Cross Selector saved comparison directory: C:\Users\Sang\.stmcufinder\plugins\mcufinder\mcu\cs_comparisons_mx
2025-09-27 16:50:13,501 [INFO] MultiScanPanel:197 - Auto-refresh data requested => check proxy status ongoing
2025-09-27 16:50:13,501 [INFO] MultiScanPanel:201 - Proxy status is invalid
2025-09-27 16:50:13,503 [INFO] FinderPluginLoader:87 - Searching for filters in installed packs
2025-09-27 16:50:13,826 [INFO] DetailPanel:309 - Set advertising image to C:/Users/Sang/STM32Cube/Repository/\en.2400x1350px.jpeg
2025-09-27 16:52:10,255 [INFO] MainUpdater:2671 - connection check result : 10
2025-09-27 16:52:10,256 [INFO] MainUpdater:2671 - connection check result : 10
2025-09-27 16:52:10,318 [ERROR] IocParser:56 - java.io.FileNotFoundException: D:\MCU\LAB1\LAB1\EX1\EX1.ioc (The system cannot find the file specified)
2025-09-27 16:52:10,319 [ERROR] PeripheralListParser:93 - Something went wrong with ioc file reading
2025-09-27 16:52:10,319 [ERROR] RegexParser:58 - java.io.FileNotFoundException: D:\MCU\LAB1\LAB1\EX1\EX1.ioc (The system cannot find the file specified)
2025-09-27 16:52:11,373 [INFO] MicroXplorer:448 - Change Database Path : 
2025-09-27 16:52:11,373 [INFO] MicroXplorer:478 - Change Database Version : DB.6.0.30
2025-09-27 16:52:11,374 [WARN] ThirdParty:813 - waiting for thirdparty lock release [close project]
2025-09-27 16:52:11,374 [INFO] ThirdParty:815 - entering critical section [close project]
2025-09-27 16:52:11,374 [INFO] ThirdParty:825 - exiting critical section [close project]
2025-09-27 16:52:11,375 [INFO] PinOutPanel:1463 - setPackage(No Configuration,No Configuration)
2025-09-27 16:52:11,381 [INFO] UtilMem:74 - Begin LoadConfig() Used Memory: 945690552 Bytes (1073741824)
2025-09-27 16:52:11,382 [INFO] MicroXplorer:448 - Change Database Path : 
2025-09-27 16:52:11,382 [INFO] MicroXplorer:478 - Change Database Version : DB.6.0.30
2025-09-27 16:52:11,382 [INFO] OpenFileManager:313 - Change cursor
2025-09-27 16:52:11,394 [INFO] RulesReader:57 - Compatibility file has been processed (242 Rules)
2025-09-27 16:52:12,033 [INFO] Context:592 - Trying to add GPIOservice into a context  which must be forbidden
2025-09-27 16:52:12,139 [INFO] ImportTextPane:167 - (OptionalMessage_ERROR) Unable to find key (Mcu.ThirdPartyNb) in loaded IOC file
2025-09-27 16:52:12,139 [INFO] ImportTextPane:167 - (OptionalMessage_ERROR) Unable to find key (Mcu.PinsNb) in loaded IOC file
2025-09-27 16:52:12,139 [INFO] ImportTextPane:167 - (OptionalMessage_ERROR) Unable to find key (Mcu.IPNb) in loaded IOC file
2025-09-27 16:52:12,153 [INFO] RtosManager:484 - Registered RTOS mode: class=CMSIS, group=RTOS, mode=CMSIS_V1, owner=FREERTOS
2025-09-27 16:52:12,153 [INFO] RtosManager:484 - Registered RTOS mode: class=CMSIS, group=RTOS2, mode=CMSIS_V2, owner=FREERTOS
2025-09-27 16:52:12,154 [INFO] RtosManager:484 - Registered RTOS mode: class=RTOS, group=Core, mode=CMSIS_V1, owner=FREERTOS
2025-09-27 16:52:12,154 [INFO] RtosManager:484 - Registered RTOS mode: class=RTOS, group=Core, mode=CMSIS_V2, owner=FREERTOS
2025-09-27 16:52:12,154 [WARN] ModelIntegratedComponent:181 - Missing modes for component STMicroelectronics:FreeRTOS:0.0.1:STMicroelectronics:RTOS:FreeRTOS:Core:::10.2.0:
2025-09-27 16:52:12,154 [WARN] ModelIntegratedComponent:60 - No mode defined for component null
2025-09-27 16:52:12,154 [WARN] ModelIntegratedComponent:60 - No mode defined for component null
2025-09-27 16:52:12,154 [WARN] ModelIntegratedComponent:60 - No mode defined for component null
2025-09-27 16:52:12,154 [WARN] ModelIntegratedComponent:60 - No mode defined for component null
2025-09-27 16:52:12,154 [WARN] ModelIntegratedComponent:60 - No mode defined for component null
2025-09-27 16:52:12,154 [WARN] ModelIntegratedComponent:60 - No mode defined for component null
2025-09-27 16:52:12,154 [WARN] ModelIntegratedComponent:60 - No mode defined for component null
2025-09-27 16:52:12,154 [WARN] ModelIntegratedComponent:60 - No mode defined for component null
2025-09-27 16:52:12,154 [WARN] ModelIntegratedComponent:60 - No mode defined for component null
2025-09-27 16:52:12,155 [WARN] ModelIntegratedComponent:60 - No mode defined for component null
2025-09-27 16:52:12,155 [WARN] ModelIntegratedComponent:60 - No mode defined for component null
2025-09-27 16:52:12,155 [WARN] ModelIntegratedComponent:60 - No mode defined for component null
2025-09-27 16:52:12,155 [WARN] ModelIntegratedComponent:60 - No mode defined for component null
2025-09-27 16:52:12,155 [WARN] ModelIntegratedComponent:60 - No mode defined for component null
2025-09-27 16:52:12,155 [WARN] ModelIntegratedComponent:60 - No mode defined for component null
2025-09-27 16:52:12,155 [WARN] ModelIntegratedComponent:60 - No mode defined for component null
2025-09-27 16:52:12,155 [WARN] ModelIntegratedComponent:60 - No mode defined for component null
2025-09-27 16:52:12,155 [WARN] ModelIntegratedComponent:60 - No mode defined for component null
2025-09-27 16:52:12,155 [WARN] ModelIntegratedComponent:60 - No mode defined for component null
2025-09-27 16:52:12,155 [WARN] ModelIntegratedComponent:60 - No mode defined for component null
2025-09-27 16:52:12,155 [WARN] ModelIntegratedComponent:60 - No mode defined for component null
2025-09-27 16:52:12,155 [WARN] ModelIntegratedComponent:60 - No mode defined for component null
2025-09-27 16:52:12,155 [WARN] ModelIntegratedComponent:60 - No mode defined for component null
2025-09-27 16:52:12,155 [WARN] ModelIntegratedComponent:60 - No mode defined for component null
2025-09-27 16:52:12,155 [WARN] ModelIntegratedComponent:60 - No mode defined for component null
2025-09-27 16:52:12,155 [WARN] ModelIntegratedComponent:60 - No mode defined for component null
2025-09-27 16:52:12,155 [WARN] ModelIntegratedComponent:60 - No mode defined for component null
2025-09-27 16:52:12,156 [WARN] ModelIntegratedComponent:60 - No mode defined for component null
2025-09-27 16:52:12,156 [WARN] ModelIntegratedComponent:60 - No mode defined for component null
2025-09-27 16:52:12,156 [WARN] ModelIntegratedComponent:60 - No mode defined for component null
2025-09-27 16:52:12,156 [WARN] ModelIntegratedComponent:60 - No mode defined for component null
2025-09-27 16:52:12,262 [INFO] UtilMem:74 - End LoadConfig() Used Memory: 895964648 Bytes (1073741824)
2025-09-27 16:52:12,263 [WARN] ThirdParty:779 - waiting for thirdparty lock release [change project]
2025-09-27 16:52:12,264 [INFO] ThirdParty:781 - entering critical section [change project]
2025-09-27 16:52:12,264 [INFO] ThirdParty:967 - CMSIS Pack Vendor :STMicroelectronics USB_HOST 2.0.0
2025-09-27 16:52:12,264 [INFO] ThirdParty:967 - CMSIS Pack Vendor :STMicroelectronics FreeRTOS 0.0.1
2025-09-27 16:52:12,264 [INFO] ThirdParty:967 - CMSIS Pack Vendor :STMicroelectronics USB_DEVICE 1.0.0
2025-09-27 16:52:12,264 [INFO] ThirdParty:967 - CMSIS Pack Vendor :STMicroelectronics USB_DEVICE 3.0.0
2025-09-27 16:52:12,264 [INFO] ThirdParty:967 - CMSIS Pack Vendor :STMicroelectronics HAL Drivers 0.0.0
2025-09-27 16:52:12,264 [INFO] ThirdParty:967 - CMSIS Pack Vendor :STMicroelectronics MBEDTLS 2.16.2
2025-09-27 16:52:12,264 [INFO] ThirdParty:967 - CMSIS Pack Vendor :STMicroelectronics ThreadX 0.0.2
2025-09-27 16:52:12,264 [INFO] ThirdParty:967 - CMSIS Pack Vendor :STMicroelectronics lwIP 2.0.3
2025-09-27 16:52:12,264 [INFO] ThirdParty:967 - CMSIS Pack Vendor :STMicroelectronics lwIP 2.1.2
2025-09-27 16:52:12,264 [INFO] ThirdParty:967 - CMSIS Pack Vendor :STMicroelectronics MBEDTLS 2.14.1
2025-09-27 16:52:12,264 [INFO] ThirdParty:967 - CMSIS Pack Vendor :STMicroelectronics USB_HOST 1.0.0
2025-09-27 16:52:12,264 [INFO] ThirdParty:967 - CMSIS Pack Vendor :STMicroelectronics PDM2PCM 3.1.0
2025-09-27 16:52:12,264 [INFO] ThirdParty:967 - CMSIS Pack Vendor :STMicroelectronics PDM2PCM 3.2.0
2025-09-27 16:52:12,264 [INFO] ThirdParty:967 - CMSIS Pack Vendor :STMicroelectronics USB_DEVICE 2.0.0
2025-09-27 16:52:12,264 [INFO] ThirdParty:967 - CMSIS Pack Vendor :STMicroelectronics PDM2PCM 3.3.0
2025-09-27 16:52:12,265 [INFO] ThirdParty:787 - exiting critical section [change project]
2025-09-27 16:52:12,352 [INFO] PinOutPanel:1463 - setPackage(No Configuration,No Configuration)
2025-09-27 16:52:12,353 [INFO] PinOutPanel:1463 - setPackage(STM32F103C6Ux,UFQFPN48)
2025-09-27 16:52:12,532 [INFO] UtilMem:74 - Before build in PCC Used Memory: 919138848 Bytes (1073741824)
2025-09-27 16:52:12,723 [INFO] UtilMem:74 - After build in PCC Used Memory: 943037760 Bytes (1073741824)
2025-09-27 16:52:12,744 [INFO] IPUIPlugin:74 - create IPUIPlugin
2025-09-27 16:52:12,744 [INFO] IPUIPlugin:74 - create IPUIPlugin
2025-09-27 16:52:12,744 [INFO] IPUIPlugin:74 - create IPUIPlugin
2025-09-27 16:52:12,744 [INFO] IPUIPlugin:74 - create IPUIPlugin
2025-09-27 16:52:12,744 [INFO] IPUIPlugin:74 - create IPUIPlugin
2025-09-27 16:52:12,744 [INFO] IPUIPlugin:74 - create IPUIPlugin
2025-09-27 16:52:12,745 [INFO] IPUIPlugin:74 - create IPUIPlugin
2025-09-27 16:52:12,745 [INFO] IPUIPlugin:74 - create IPUIPlugin
2025-09-27 16:52:12,745 [INFO] IPUIPlugin:74 - create IPUIPlugin
2025-09-27 16:52:12,745 [INFO] IPUIPlugin:74 - create IPUIPlugin
2025-09-27 16:52:12,745 [INFO] IPUIPlugin:74 - create IPUIPlugin
2025-09-27 16:52:12,745 [INFO] IPUIPlugin:74 - create IPUIPlugin
2025-09-27 16:52:12,746 [INFO] IPUIPlugin:74 - create IPUIPlugin
2025-09-27 16:52:12,746 [INFO] IPUIPlugin:74 - create IPUIPlugin
2025-09-27 16:52:12,746 [INFO] IPUIPlugin:74 - create IPUIPlugin
2025-09-27 16:52:12,746 [INFO] IPUIPlugin:74 - create IPUIPlugin
2025-09-27 16:52:12,746 [INFO] IPUIPlugin:74 - create IPUIPlugin
2025-09-27 16:52:12,747 [INFO] IPUIPlugin:74 - create IPUIPlugin
2025-09-27 16:52:12,747 [INFO] IPUIPlugin:74 - create IPUIPlugin
2025-09-27 16:52:12,747 [INFO] IPUIPlugin:74 - create IPUIPlugin
2025-09-27 16:52:12,747 [INFO] IPUIPlugin:74 - create IPUIPlugin
2025-09-27 16:52:12,749 [INFO] IPUIPlugin:74 - create IPUIPlugin
2025-09-27 16:52:12,749 [INFO] IPUIPlugin:74 - create IPUIPlugin
2025-09-27 16:52:12,758 [INFO] OpenFileManager:333 - Restore cursor
2025-09-27 16:52:13,018 [INFO] UtilMem:74 - End SaveConfig() Used Memory: 946347616 Bytes (1073741824)
2025-09-27 16:52:13,071 [INFO] UtilMem:74 - End SaveConfig() Used Memory: 903935416 Bytes (1073741824)
2025-09-27 16:52:13,284 [INFO] BlockDiagram:2740 - set Specific Code input for plugin: NVIC
2025-09-27 16:52:13,285 [INFO] BlockDiagram:2740 - set Specific Code input for plugin: SYS
2025-09-27 16:52:13,285 [INFO] BlockDiagram:2740 - set Specific Code input for plugin: RCC
2025-09-27 16:52:13,285 [INFO] CodeGenerator:663 - code generatio: config db path: D:\STM32CubeIDE_1.7.0\STM32CubeIDE\plugins\com.st.stm32cube.common.mx_6.3.0.202107141111\\db\
2025-09-27 16:52:13,513 [INFO] CodeEngine:239 - oldGeneratedFile, D:\MCU\LAB1\LAB1\LAB1\MXTmpFiles\license.tmp_save
2025-09-27 16:52:13,579 [INFO] CodeEngine:257 - Generated code: D:\MCU\LAB1\LAB1\LAB1\MXTmpFiles\license.tmp
2025-09-27 16:52:13,608 [INFO] CodeEngine:239 - oldGeneratedFile, D:\MCU\LAB1\LAB1\LAB1\Core\Src\stm32f1xx_it.c_save
2025-09-27 16:52:13,696 [INFO] CodeEngine:257 - Generated code: D:\MCU\LAB1\LAB1\LAB1\Core\Src\stm32f1xx_it.c
2025-09-27 16:52:13,698 [INFO] CodeEngine:239 - oldGeneratedFile, D:\MCU\LAB1\LAB1\LAB1\Core\Inc\stm32f1xx_it.h_save
2025-09-27 16:52:13,761 [INFO] CodeEngine:257 - Generated code: D:\MCU\LAB1\LAB1\LAB1\Core\Inc\stm32f1xx_it.h
2025-09-27 16:52:13,766 [INFO] CodeEngine:239 - oldGeneratedFile, D:\MCU\LAB1\LAB1\LAB1\Core\Src\stm32f1xx_hal_msp.c_save
2025-09-27 16:52:13,850 [INFO] CodeEngine:257 - Generated code: D:\MCU\LAB1\LAB1\LAB1\Core\Src\stm32f1xx_hal_msp.c
2025-09-27 16:52:13,853 [INFO] CodeEngine:239 - oldGeneratedFile, D:\MCU\LAB1\LAB1\LAB1\MXTmpFiles\system.tmp_save
2025-09-27 16:52:13,896 [INFO] CodeEngine:257 - Generated code: D:\MCU\LAB1\LAB1\LAB1\MXTmpFiles\system.tmp
2025-09-27 16:52:13,900 [INFO] CodeEngine:239 - oldGeneratedFile, D:\MCU\LAB1\LAB1\LAB1\Core\Inc\stm32f1xx_hal_conf.h_save
2025-09-27 16:52:13,991 [INFO] CodeEngine:257 - Generated code: D:\MCU\LAB1\LAB1\LAB1\Core\Inc\stm32f1xx_hal_conf.h
2025-09-27 16:52:14,021 [INFO] CodeEngine:239 - oldGeneratedFile, D:\MCU\LAB1\LAB1\LAB1\Core\Inc\main.h_save
2025-09-27 16:52:14,077 [INFO] CodeEngine:257 - Generated code: D:\MCU\LAB1\LAB1\LAB1\Core\Inc\main.h
2025-09-27 16:52:14,079 [INFO] CodeEngine:239 - oldGeneratedFile, D:\MCU\LAB1\LAB1\LAB1\Core\Src\main.c_save
2025-09-27 16:52:14,161 [INFO] CodeEngine:257 - Generated code: D:\MCU\LAB1\LAB1\LAB1\Core\Src\main.c
2025-09-27 16:52:14,742 [INFO] ProjectBuilder:2578 - Time for Copy HAL[1] : 68mS.
2025-09-27 16:52:14,745 [INFO] ProjectBuilder:3622 - Project Generator version: 3.14.1
2025-09-27 16:52:15,312 [INFO] ConfigFileManager:1271 - The Die is : DIE412
2025-09-27 16:52:15,318 [INFO] ApiDbMcu:468 - Load IP Config File for FATFS
2025-09-27 16:52:15,336 [INFO] ApiDbMcu:468 - Load IP Config File for FREERTOS
2025-09-27 16:52:15,353 [INFO] ApiDbMcu:468 - Load IP Config File for USB_DEVICE
2025-09-27 16:52:17,555 [INFO] ProjectBuilder:3789 - Time for Generating toolchain IDE Files: 2810mS.
2025-09-27 16:52:17,556 [INFO] ProjectBuilder:2457 - Time for Copy CMSIS : 1mS.
2025-09-27 16:52:17,557 [INFO] ProjectBuilder:2457 - Time for Copy CMSIS : 0mS.
2025-09-27 16:52:18,219 [INFO] McuFinderGlobals:52 - Set McuFinderConnectedMode to true
2025-09-27 16:52:18,220 [INFO] ApiDb:276 - Save user favorites file C:\Users\Sang/.stm32cubeide/favorites.mcus.txt: 0 item(s)
2025-09-27 16:52:18,221 [INFO] ApiDb:280 - User favorites MCUs=[]
2025-09-27 16:54:08,965 [INFO] UtilMem:74 - End SaveConfig() Used Memory: 883916576 Bytes (1073741824)
2025-09-27 16:54:12,555 [INFO] UtilMem:74 - End SaveConfig() Used Memory: 917471008 Bytes (1073741824)
2025-09-27 16:54:12,824 [INFO] UtilMem:74 - End SaveConfig() Used Memory: 948928288 Bytes (1073741824)
2025-09-27 16:54:13,053 [INFO] BlockDiagram:2740 - set Specific Code input for plugin: NVIC
2025-09-27 16:54:13,053 [INFO] BlockDiagram:2740 - set Specific Code input for plugin: SYS
2025-09-27 16:54:13,053 [INFO] BlockDiagram:2740 - set Specific Code input for plugin: GPIO
2025-09-27 16:54:13,053 [INFO] BlockDiagram:2740 - set Specific Code input for plugin: RCC
2025-09-27 16:54:13,054 [INFO] CodeGenerator:663 - code generatio: config db path: D:\STM32CubeIDE_1.7.0\STM32CubeIDE\plugins\com.st.stm32cube.common.mx_6.3.0.202107141111\\db\
2025-09-27 16:54:13,278 [INFO] CodeEngine:239 - oldGeneratedFile, D:\MCU\LAB1\LAB1\LAB1\MXTmpFiles\license.tmp_save
2025-09-27 16:54:13,333 [INFO] CodeEngine:257 - Generated code: D:\MCU\LAB1\LAB1\LAB1\MXTmpFiles\license.tmp
2025-09-27 16:54:13,357 [INFO] CodeEngine:239 - oldGeneratedFile, D:\MCU\LAB1\LAB1\LAB1\MXTmpFiles\gpio.tmp_save
2025-09-27 16:54:13,421 [INFO] CodeEngine:257 - Generated code: D:\MCU\LAB1\LAB1\LAB1\MXTmpFiles\gpio.tmp
2025-09-27 16:54:13,449 [INFO] CodeEngine:239 - oldGeneratedFile, D:\MCU\LAB1\LAB1\LAB1\Core\Src\stm32f1xx_it.c_save
2025-09-27 16:54:13,555 [INFO] CodeEngine:257 - Generated code: D:\MCU\LAB1\LAB1\LAB1\Core\Src\stm32f1xx_it.c
2025-09-27 16:54:13,558 [INFO] CodeEngine:239 - oldGeneratedFile, D:\MCU\LAB1\LAB1\LAB1\Core\Inc\stm32f1xx_it.h_save
2025-09-27 16:54:13,625 [INFO] CodeEngine:257 - Generated code: D:\MCU\LAB1\LAB1\LAB1\Core\Inc\stm32f1xx_it.h
2025-09-27 16:54:13,650 [INFO] CodeEngine:239 - oldGeneratedFile, D:\MCU\LAB1\LAB1\LAB1\Core\Src\stm32f1xx_hal_msp.c_save
2025-09-27 16:54:13,741 [INFO] CodeEngine:257 - Generated code: D:\MCU\LAB1\LAB1\LAB1\Core\Src\stm32f1xx_hal_msp.c
2025-09-27 16:54:13,744 [INFO] CodeEngine:239 - oldGeneratedFile, D:\MCU\LAB1\LAB1\LAB1\MXTmpFiles\system.tmp_save
2025-09-27 16:54:13,781 [INFO] CodeEngine:257 - Generated code: D:\MCU\LAB1\LAB1\LAB1\MXTmpFiles\system.tmp
2025-09-27 16:54:13,800 [INFO] CodeEngine:239 - oldGeneratedFile, D:\MCU\LAB1\LAB1\LAB1\Core\Inc\stm32f1xx_hal_conf.h_save
2025-09-27 16:54:13,900 [INFO] CodeEngine:257 - Generated code: D:\MCU\LAB1\LAB1\LAB1\Core\Inc\stm32f1xx_hal_conf.h
2025-09-27 16:54:13,952 [INFO] CodeEngine:239 - oldGeneratedFile, D:\MCU\LAB1\LAB1\LAB1\Core\Inc\main.h_save
2025-09-27 16:54:14,019 [INFO] CodeEngine:257 - Generated code: D:\MCU\LAB1\LAB1\LAB1\Core\Inc\main.h
2025-09-27 16:54:14,034 [INFO] CodeEngine:239 - oldGeneratedFile, D:\MCU\LAB1\LAB1\LAB1\Core\Src\main.c_save
2025-09-27 16:54:14,185 [INFO] CodeEngine:257 - Generated code: D:\MCU\LAB1\LAB1\LAB1\Core\Src\main.c
2025-09-27 16:54:14,962 [INFO] ProjectBuilder:2578 - Time for Copy HAL[1] : 68mS.
2025-09-27 16:54:14,965 [INFO] ProjectBuilder:3622 - Project Generator version: 3.14.1
2025-09-27 16:54:15,279 [INFO] ConfigFileManager:1271 - The Die is : DIE412
2025-09-27 16:54:16,722 [INFO] ProjectBuilder:3789 - Time for Generating toolchain IDE Files: 1758mS.
2025-09-27 16:54:16,723 [INFO] ProjectBuilder:2457 - Time for Copy CMSIS : 1mS.
2025-09-27 16:54:16,724 [INFO] ProjectBuilder:2457 - Time for Copy CMSIS : 0mS.
2025-09-27 16:56:31,945 [INFO] MainUpdater:2671 - connection check result : 10
2025-09-27 16:56:31,946 [INFO] MainUpdater:2671 - connection check result : 10
2025-09-27 16:56:32,077 [INFO] MicroXplorer:448 - Change Database Path : 
2025-09-27 16:56:32,077 [INFO] MicroXplorer:478 - Change Database Version : DB.6.0.30
2025-09-27 16:56:32,077 [WARN] ThirdParty:813 - waiting for thirdparty lock release [close project]
2025-09-27 16:56:32,077 [INFO] ThirdParty:815 - entering critical section [close project]
2025-09-27 16:56:32,077 [INFO] ThirdParty:825 - exiting critical section [close project]
2025-09-27 16:56:32,078 [INFO] PinOutPanel:1463 - setPackage(No Configuration,No Configuration)
2025-09-27 16:56:32,080 [INFO] UtilMem:74 - Begin LoadConfig() Used Memory: 954296872 Bytes (1073741824)
2025-09-27 16:56:32,080 [INFO] MicroXplorer:448 - Change Database Path : 
2025-09-27 16:56:32,080 [INFO] MicroXplorer:478 - Change Database Version : DB.6.0.30
2025-09-27 16:56:32,081 [INFO] OpenFileManager:313 - Change cursor
2025-09-27 16:56:32,089 [INFO] RulesReader:57 - Compatibility file has been processed (242 Rules)
2025-09-27 16:56:32,610 [INFO] Context:592 - Trying to add GPIOservice into a context  which must be forbidden
2025-09-27 16:56:32,746 [INFO] RtosManager:484 - Registered RTOS mode: class=CMSIS, group=RTOS, mode=CMSIS_V1, owner=FREERTOS
2025-09-27 16:56:32,746 [INFO] RtosManager:484 - Registered RTOS mode: class=CMSIS, group=RTOS2, mode=CMSIS_V2, owner=FREERTOS
2025-09-27 16:56:32,746 [INFO] RtosManager:484 - Registered RTOS mode: class=RTOS, group=Core, mode=CMSIS_V1, owner=FREERTOS
2025-09-27 16:56:32,746 [INFO] RtosManager:484 - Registered RTOS mode: class=RTOS, group=Core, mode=CMSIS_V2, owner=FREERTOS
2025-09-27 16:56:32,747 [WARN] ModelIntegratedComponent:181 - Missing modes for component STMicroelectronics:FreeRTOS:0.0.1:STMicroelectronics:RTOS:FreeRTOS:Core:::10.2.0:
2025-09-27 16:56:32,747 [WARN] ModelIntegratedComponent:60 - No mode defined for component null
2025-09-27 16:56:32,747 [WARN] ModelIntegratedComponent:60 - No mode defined for component null
2025-09-27 16:56:32,747 [WARN] ModelIntegratedComponent:60 - No mode defined for component null
2025-09-27 16:56:32,747 [WARN] ModelIntegratedComponent:60 - No mode defined for component null
2025-09-27 16:56:32,747 [WARN] ModelIntegratedComponent:60 - No mode defined for component null
2025-09-27 16:56:32,747 [WARN] ModelIntegratedComponent:60 - No mode defined for component null
2025-09-27 16:56:32,747 [WARN] ModelIntegratedComponent:60 - No mode defined for component null
2025-09-27 16:56:32,747 [WARN] ModelIntegratedComponent:60 - No mode defined for component null
2025-09-27 16:56:32,748 [WARN] ModelIntegratedComponent:60 - No mode defined for component null
2025-09-27 16:56:32,748 [WARN] ModelIntegratedComponent:60 - No mode defined for component null
2025-09-27 16:56:32,748 [WARN] ModelIntegratedComponent:60 - No mode defined for component null
2025-09-27 16:56:32,748 [WARN] ModelIntegratedComponent:60 - No mode defined for component null
2025-09-27 16:56:32,748 [WARN] ModelIntegratedComponent:60 - No mode defined for component null
2025-09-27 16:56:32,748 [WARN] ModelIntegratedComponent:60 - No mode defined for component null
2025-09-27 16:56:32,748 [WARN] ModelIntegratedComponent:60 - No mode defined for component null
2025-09-27 16:56:32,748 [WARN] ModelIntegratedComponent:60 - No mode defined for component null
2025-09-27 16:56:32,748 [WARN] ModelIntegratedComponent:60 - No mode defined for component null
2025-09-27 16:56:32,748 [WARN] ModelIntegratedComponent:60 - No mode defined for component null
2025-09-27 16:56:32,749 [WARN] ModelIntegratedComponent:60 - No mode defined for component null
2025-09-27 16:56:32,749 [WARN] ModelIntegratedComponent:60 - No mode defined for component null
2025-09-27 16:56:32,749 [WARN] ModelIntegratedComponent:60 - No mode defined for component null
2025-09-27 16:56:32,749 [WARN] ModelIntegratedComponent:60 - No mode defined for component null
2025-09-27 16:56:32,749 [WARN] ModelIntegratedComponent:60 - No mode defined for component null
2025-09-27 16:56:32,749 [WARN] ModelIntegratedComponent:60 - No mode defined for component null
2025-09-27 16:56:32,749 [WARN] ModelIntegratedComponent:60 - No mode defined for component null
2025-09-27 16:56:32,749 [WARN] ModelIntegratedComponent:60 - No mode defined for component null
2025-09-27 16:56:32,749 [WARN] ModelIntegratedComponent:60 - No mode defined for component null
2025-09-27 16:56:32,749 [WARN] ModelIntegratedComponent:60 - No mode defined for component null
2025-09-27 16:56:32,749 [WARN] ModelIntegratedComponent:60 - No mode defined for component null
2025-09-27 16:56:32,749 [WARN] ModelIntegratedComponent:60 - No mode defined for component null
2025-09-27 16:56:32,750 [WARN] ModelIntegratedComponent:60 - No mode defined for component null
2025-09-27 16:56:32,851 [INFO] UtilMem:74 - End LoadConfig() Used Memory: 931588288 Bytes (1073741824)
2025-09-27 16:56:32,851 [WARN] ThirdParty:779 - waiting for thirdparty lock release [change project]
2025-09-27 16:56:32,852 [INFO] ThirdParty:781 - entering critical section [change project]
2025-09-27 16:56:32,852 [INFO] ThirdParty:967 - CMSIS Pack Vendor :STMicroelectronics USB_HOST 2.0.0
2025-09-27 16:56:32,852 [INFO] ThirdParty:967 - CMSIS Pack Vendor :STMicroelectronics FreeRTOS 0.0.1
2025-09-27 16:56:32,852 [INFO] ThirdParty:967 - CMSIS Pack Vendor :STMicroelectronics USB_DEVICE 1.0.0
2025-09-27 16:56:32,852 [INFO] ThirdParty:967 - CMSIS Pack Vendor :STMicroelectronics USB_DEVICE 3.0.0
2025-09-27 16:56:32,852 [INFO] ThirdParty:967 - CMSIS Pack Vendor :STMicroelectronics HAL Drivers 0.0.0
2025-09-27 16:56:32,852 [INFO] ThirdParty:967 - CMSIS Pack Vendor :STMicroelectronics MBEDTLS 2.16.2
2025-09-27 16:56:32,852 [INFO] ThirdParty:967 - CMSIS Pack Vendor :STMicroelectronics ThreadX 0.0.2
2025-09-27 16:56:32,852 [INFO] ThirdParty:967 - CMSIS Pack Vendor :STMicroelectronics lwIP 2.0.3
2025-09-27 16:56:32,852 [INFO] ThirdParty:967 - CMSIS Pack Vendor :STMicroelectronics lwIP 2.1.2
2025-09-27 16:56:32,852 [INFO] ThirdParty:967 - CMSIS Pack Vendor :STMicroelectronics MBEDTLS 2.14.1
2025-09-27 16:56:32,852 [INFO] ThirdParty:967 - CMSIS Pack Vendor :STMicroelectronics USB_HOST 1.0.0
2025-09-27 16:56:32,852 [INFO] ThirdParty:967 - CMSIS Pack Vendor :STMicroelectronics PDM2PCM 3.1.0
2025-09-27 16:56:32,852 [INFO] ThirdParty:967 - CMSIS Pack Vendor :STMicroelectronics PDM2PCM 3.2.0
2025-09-27 16:56:32,852 [INFO] ThirdParty:967 - CMSIS Pack Vendor :STMicroelectronics USB_DEVICE 2.0.0
2025-09-27 16:56:32,852 [INFO] ThirdParty:967 - CMSIS Pack Vendor :STMicroelectronics PDM2PCM 3.3.0
2025-09-27 16:56:32,852 [INFO] ThirdParty:787 - exiting critical section [change project]
2025-09-27 16:56:32,956 [INFO] PinOutPanel:1463 - setPackage(No Configuration,No Configuration)
2025-09-27 16:56:32,957 [INFO] PinOutPanel:1463 - setPackage(STM32F103C6Ux,UFQFPN48)
2025-09-27 16:56:33,135 [INFO] UtilMem:74 - Before build in PCC Used Memory: 969724064 Bytes (1073741824)
2025-09-27 16:56:33,326 [INFO] UtilMem:74 - After build in PCC Used Memory: 940614192 Bytes (1073741824)
2025-09-27 16:56:33,344 [INFO] IPUIPlugin:74 - create IPUIPlugin
2025-09-27 16:56:33,344 [INFO] IPUIPlugin:74 - create IPUIPlugin
2025-09-27 16:56:33,345 [INFO] IPUIPlugin:74 - create IPUIPlugin
2025-09-27 16:56:33,345 [INFO] IPUIPlugin:74 - create IPUIPlugin
2025-09-27 16:56:33,345 [INFO] IPUIPlugin:74 - create IPUIPlugin
2025-09-27 16:56:33,345 [INFO] IPUIPlugin:74 - create IPUIPlugin
2025-09-27 16:56:33,345 [INFO] IPUIPlugin:74 - create IPUIPlugin
2025-09-27 16:56:33,345 [INFO] IPUIPlugin:74 - create IPUIPlugin
2025-09-27 16:56:33,345 [INFO] IPUIPlugin:74 - create IPUIPlugin
2025-09-27 16:56:33,346 [INFO] IPUIPlugin:74 - create IPUIPlugin
2025-09-27 16:56:33,346 [INFO] IPUIPlugin:74 - create IPUIPlugin
2025-09-27 16:56:33,346 [INFO] IPUIPlugin:74 - create IPUIPlugin
2025-09-27 16:56:33,346 [INFO] IPUIPlugin:74 - create IPUIPlugin
2025-09-27 16:56:33,346 [INFO] IPUIPlugin:74 - create IPUIPlugin
2025-09-27 16:56:33,346 [INFO] IPUIPlugin:74 - create IPUIPlugin
2025-09-27 16:56:33,347 [INFO] IPUIPlugin:74 - create IPUIPlugin
2025-09-27 16:56:33,347 [INFO] IPUIPlugin:74 - create IPUIPlugin
2025-09-27 16:56:33,347 [INFO] IPUIPlugin:74 - create IPUIPlugin
2025-09-27 16:56:33,347 [INFO] IPUIPlugin:74 - create IPUIPlugin
2025-09-27 16:56:33,348 [INFO] IPUIPlugin:74 - create IPUIPlugin
2025-09-27 16:56:33,348 [INFO] IPUIPlugin:74 - create IPUIPlugin
2025-09-27 16:56:33,348 [INFO] IPUIPlugin:74 - create IPUIPlugin
2025-09-27 16:56:33,349 [INFO] IPUIPlugin:74 - create IPUIPlugin
2025-09-27 16:56:33,357 [INFO] OpenFileManager:333 - Restore cursor
2025-09-27 17:06:56,265 [INFO] UtilMem:74 - End SaveConfig() Used Memory: 958815584 Bytes (1073741824)
2025-09-27 17:06:57,450 [INFO] UtilMem:74 - End SaveConfig() Used Memory: 932521536 Bytes (1073741824)
2025-09-27 17:06:57,699 [INFO] UtilMem:74 - End SaveConfig() Used Memory: 949933248 Bytes (1073741824)
2025-09-27 17:06:57,944 [INFO] BlockDiagram:2740 - set Specific Code input for plugin: NVIC
2025-09-27 17:06:57,944 [INFO] BlockDiagram:2740 - set Specific Code input for plugin: SYS
2025-09-27 17:06:57,944 [INFO] BlockDiagram:2740 - set Specific Code input for plugin: GPIO
2025-09-27 17:06:57,944 [INFO] BlockDiagram:2740 - set Specific Code input for plugin: RCC
2025-09-27 17:06:57,945 [INFO] CodeGenerator:663 - code generatio: config db path: D:\STM32CubeIDE_1.7.0\STM32CubeIDE\plugins\com.st.stm32cube.common.mx_6.3.0.202107141111\\db\
2025-09-27 17:06:58,156 [INFO] CodeEngine:239 - oldGeneratedFile, D:\MCU\LAB1\LAB1\LAB1\MXTmpFiles\license.tmp_save
2025-09-27 17:06:58,237 [INFO] CodeEngine:257 - Generated code: D:\MCU\LAB1\LAB1\LAB1\MXTmpFiles\license.tmp
2025-09-27 17:06:58,493 [INFO] CodeEngine:239 - oldGeneratedFile, D:\MCU\LAB1\LAB1\LAB1\MXTmpFiles\gpio.tmp_save
2025-09-27 17:06:58,560 [INFO] CodeEngine:257 - Generated code: D:\MCU\LAB1\LAB1\LAB1\MXTmpFiles\gpio.tmp
2025-09-27 17:06:58,592 [INFO] CodeEngine:239 - oldGeneratedFile, D:\MCU\LAB1\LAB1\LAB1\Core\Src\stm32f1xx_it.c_save
2025-09-27 17:06:58,654 [INFO] CodeEngine:257 - Generated code: D:\MCU\LAB1\LAB1\LAB1\Core\Src\stm32f1xx_it.c
2025-09-27 17:06:58,658 [INFO] CodeEngine:239 - oldGeneratedFile, D:\MCU\LAB1\LAB1\LAB1\Core\Inc\stm32f1xx_it.h_save
2025-09-27 17:06:58,719 [INFO] CodeEngine:257 - Generated code: D:\MCU\LAB1\LAB1\LAB1\Core\Inc\stm32f1xx_it.h
2025-09-27 17:06:58,737 [INFO] CodeEngine:239 - oldGeneratedFile, D:\MCU\LAB1\LAB1\LAB1\Core\Src\stm32f1xx_hal_msp.c_save
2025-09-27 17:06:58,803 [INFO] CodeEngine:257 - Generated code: D:\MCU\LAB1\LAB1\LAB1\Core\Src\stm32f1xx_hal_msp.c
2025-09-27 17:06:58,805 [INFO] CodeEngine:239 - oldGeneratedFile, D:\MCU\LAB1\LAB1\LAB1\MXTmpFiles\system.tmp_save
2025-09-27 17:06:58,844 [INFO] CodeEngine:257 - Generated code: D:\MCU\LAB1\LAB1\LAB1\MXTmpFiles\system.tmp
2025-09-27 17:06:58,860 [INFO] CodeEngine:239 - oldGeneratedFile, D:\MCU\LAB1\LAB1\LAB1\Core\Inc\stm32f1xx_hal_conf.h_save
2025-09-27 17:06:58,948 [INFO] CodeEngine:257 - Generated code: D:\MCU\LAB1\LAB1\LAB1\Core\Inc\stm32f1xx_hal_conf.h
2025-09-27 17:06:59,011 [INFO] CodeEngine:239 - oldGeneratedFile, D:\MCU\LAB1\LAB1\LAB1\Core\Inc\main.h_save
2025-09-27 17:06:59,101 [INFO] CodeEngine:257 - Generated code: D:\MCU\LAB1\LAB1\LAB1\Core\Inc\main.h
2025-09-27 17:06:59,117 [INFO] CodeEngine:239 - oldGeneratedFile, D:\MCU\LAB1\LAB1\LAB1\Core\Src\main.c_save
2025-09-27 17:06:59,202 [INFO] CodeEngine:257 - Generated code: D:\MCU\LAB1\LAB1\LAB1\Core\Src\main.c
2025-09-27 17:06:59,806 [INFO] ProjectBuilder:2578 - Time for Copy HAL[1] : 71mS.
2025-09-27 17:06:59,808 [INFO] ProjectBuilder:3622 - Project Generator version: 3.14.1
2025-09-27 17:07:00,134 [INFO] ConfigFileManager:1271 - The Die is : DIE412
2025-09-27 17:07:00,139 [INFO] ApiDbMcu:468 - Load IP Config File for FATFS
2025-09-27 17:07:00,159 [INFO] ApiDbMcu:468 - Load IP Config File for FREERTOS
2025-09-27 17:07:00,174 [INFO] ApiDbMcu:468 - Load IP Config File for USB_DEVICE
2025-09-27 17:07:01,731 [INFO] ProjectBuilder:3789 - Time for Generating toolchain IDE Files: 1923mS.
2025-09-27 17:07:01,731 [INFO] ProjectBuilder:2457 - Time for Copy CMSIS : 0mS.
2025-09-27 17:07:01,732 [INFO] ProjectBuilder:2457 - Time for Copy CMSIS : 0mS.
2025-09-27 17:10:09,673 [INFO] MainUpdater:2671 - connection check result : 10
2025-09-27 17:10:09,673 [INFO] MainUpdater:2671 - connection check result : 10
2025-09-27 17:10:09,811 [INFO] MicroXplorer:448 - Change Database Path : 
2025-09-27 17:10:09,811 [INFO] MicroXplorer:478 - Change Database Version : DB.6.0.30
2025-09-27 17:10:09,812 [WARN] ThirdParty:813 - waiting for thirdparty lock release [close project]
2025-09-27 17:10:09,812 [INFO] ThirdParty:815 - entering critical section [close project]
2025-09-27 17:10:09,812 [INFO] ThirdParty:825 - exiting critical section [close project]
2025-09-27 17:10:09,813 [INFO] PinOutPanel:1463 - setPackage(No Configuration,No Configuration)
2025-09-27 17:10:09,816 [INFO] UtilMem:74 - Begin LoadConfig() Used Memory: 910451728 Bytes (1073741824)
2025-09-27 17:10:09,817 [INFO] MicroXplorer:448 - Change Database Path : 
2025-09-27 17:10:09,817 [INFO] MicroXplorer:478 - Change Database Version : DB.6.0.30
2025-09-27 17:10:09,817 [INFO] OpenFileManager:313 - Change cursor
2025-09-27 17:10:09,831 [INFO] RulesReader:57 - Compatibility file has been processed (242 Rules)
2025-09-27 17:10:10,371 [INFO] Context:592 - Trying to add GPIOservice into a context  which must be forbidden
2025-09-27 17:10:10,482 [INFO] RtosManager:484 - Registered RTOS mode: class=CMSIS, group=RTOS, mode=CMSIS_V1, owner=FREERTOS
2025-09-27 17:10:10,482 [INFO] RtosManager:484 - Registered RTOS mode: class=CMSIS, group=RTOS2, mode=CMSIS_V2, owner=FREERTOS
2025-09-27 17:10:10,482 [INFO] RtosManager:484 - Registered RTOS mode: class=RTOS, group=Core, mode=CMSIS_V1, owner=FREERTOS
2025-09-27 17:10:10,482 [INFO] RtosManager:484 - Registered RTOS mode: class=RTOS, group=Core, mode=CMSIS_V2, owner=FREERTOS
2025-09-27 17:10:10,482 [WARN] ModelIntegratedComponent:181 - Missing modes for component STMicroelectronics:FreeRTOS:0.0.1:STMicroelectronics:RTOS:FreeRTOS:Core:::10.2.0:
2025-09-27 17:10:10,482 [WARN] ModelIntegratedComponent:60 - No mode defined for component null
2025-09-27 17:10:10,482 [WARN] ModelIntegratedComponent:60 - No mode defined for component null
2025-09-27 17:10:10,482 [WARN] ModelIntegratedComponent:60 - No mode defined for component null
2025-09-27 17:10:10,482 [WARN] ModelIntegratedComponent:60 - No mode defined for component null
2025-09-27 17:10:10,482 [WARN] ModelIntegratedComponent:60 - No mode defined for component null
2025-09-27 17:10:10,483 [WARN] ModelIntegratedComponent:60 - No mode defined for component null
2025-09-27 17:10:10,483 [WARN] ModelIntegratedComponent:60 - No mode defined for component null
2025-09-27 17:10:10,483 [WARN] ModelIntegratedComponent:60 - No mode defined for component null
2025-09-27 17:10:10,483 [WARN] ModelIntegratedComponent:60 - No mode defined for component null
2025-09-27 17:10:10,483 [WARN] ModelIntegratedComponent:60 - No mode defined for component null
2025-09-27 17:10:10,483 [WARN] ModelIntegratedComponent:60 - No mode defined for component null
2025-09-27 17:10:10,483 [WARN] ModelIntegratedComponent:60 - No mode defined for component null
2025-09-27 17:10:10,483 [WARN] ModelIntegratedComponent:60 - No mode defined for component null
2025-09-27 17:10:10,483 [WARN] ModelIntegratedComponent:60 - No mode defined for component null
2025-09-27 17:10:10,483 [WARN] ModelIntegratedComponent:60 - No mode defined for component null
2025-09-27 17:10:10,483 [WARN] ModelIntegratedComponent:60 - No mode defined for component null
2025-09-27 17:10:10,483 [WARN] ModelIntegratedComponent:60 - No mode defined for component null
2025-09-27 17:10:10,483 [WARN] ModelIntegratedComponent:60 - No mode defined for component null
2025-09-27 17:10:10,483 [WARN] ModelIntegratedComponent:60 - No mode defined for component null
2025-09-27 17:10:10,483 [WARN] ModelIntegratedComponent:60 - No mode defined for component null
2025-09-27 17:10:10,483 [WARN] ModelIntegratedComponent:60 - No mode defined for component null
2025-09-27 17:10:10,483 [WARN] ModelIntegratedComponent:60 - No mode defined for component null
2025-09-27 17:10:10,483 [WARN] ModelIntegratedComponent:60 - No mode defined for component null
2025-09-27 17:10:10,484 [WARN] ModelIntegratedComponent:60 - No mode defined for component null
2025-09-27 17:10:10,484 [WARN] ModelIntegratedComponent:60 - No mode defined for component null
2025-09-27 17:10:10,484 [WARN] ModelIntegratedComponent:60 - No mode defined for component null
2025-09-27 17:10:10,484 [WARN] ModelIntegratedComponent:60 - No mode defined for component null
2025-09-27 17:10:10,484 [WARN] ModelIntegratedComponent:60 - No mode defined for component null
2025-09-27 17:10:10,484 [WARN] ModelIntegratedComponent:60 - No mode defined for component null
2025-09-27 17:10:10,484 [WARN] ModelIntegratedComponent:60 - No mode defined for component null
2025-09-27 17:10:10,484 [WARN] ModelIntegratedComponent:60 - No mode defined for component null
2025-09-27 17:10:10,608 [INFO] UtilMem:74 - End LoadConfig() Used Memory: 936477432 Bytes (1073741824)
2025-09-27 17:10:10,609 [WARN] ThirdParty:779 - waiting for thirdparty lock release [change project]
2025-09-27 17:10:10,610 [INFO] ThirdParty:781 - entering critical section [change project]
2025-09-27 17:10:10,610 [INFO] ThirdParty:967 - CMSIS Pack Vendor :STMicroelectronics USB_HOST 2.0.0
2025-09-27 17:10:10,610 [INFO] ThirdParty:967 - CMSIS Pack Vendor :STMicroelectronics FreeRTOS 0.0.1
2025-09-27 17:10:10,610 [INFO] ThirdParty:967 - CMSIS Pack Vendor :STMicroelectronics USB_DEVICE 1.0.0
2025-09-27 17:10:10,610 [INFO] ThirdParty:967 - CMSIS Pack Vendor :STMicroelectronics USB_DEVICE 3.0.0
2025-09-27 17:10:10,610 [INFO] ThirdParty:967 - CMSIS Pack Vendor :STMicroelectronics HAL Drivers 0.0.0
2025-09-27 17:10:10,610 [INFO] ThirdParty:967 - CMSIS Pack Vendor :STMicroelectronics MBEDTLS 2.16.2
2025-09-27 17:10:10,610 [INFO] ThirdParty:967 - CMSIS Pack Vendor :STMicroelectronics ThreadX 0.0.2
2025-09-27 17:10:10,610 [INFO] ThirdParty:967 - CMSIS Pack Vendor :STMicroelectronics lwIP 2.0.3
2025-09-27 17:10:10,610 [INFO] ThirdParty:967 - CMSIS Pack Vendor :STMicroelectronics lwIP 2.1.2
2025-09-27 17:10:10,610 [INFO] ThirdParty:967 - CMSIS Pack Vendor :STMicroelectronics MBEDTLS 2.14.1
2025-09-27 17:10:10,610 [INFO] ThirdParty:967 - CMSIS Pack Vendor :STMicroelectronics USB_HOST 1.0.0
2025-09-27 17:10:10,610 [INFO] ThirdParty:967 - CMSIS Pack Vendor :STMicroelectronics PDM2PCM 3.1.0
2025-09-27 17:10:10,610 [INFO] ThirdParty:967 - CMSIS Pack Vendor :STMicroelectronics PDM2PCM 3.2.0
2025-09-27 17:10:10,610 [INFO] ThirdParty:967 - CMSIS Pack Vendor :STMicroelectronics USB_DEVICE 2.0.0
2025-09-27 17:10:10,610 [INFO] ThirdParty:967 - CMSIS Pack Vendor :STMicroelectronics PDM2PCM 3.3.0
2025-09-27 17:10:10,611 [INFO] ThirdParty:787 - exiting critical section [change project]
2025-09-27 17:10:10,716 [INFO] PinOutPanel:1463 - setPackage(No Configuration,No Configuration)
2025-09-27 17:10:10,717 [INFO] PinOutPanel:1463 - setPackage(STM32F103C6Ux,UFQFPN48)
2025-09-27 17:10:10,894 [INFO] UtilMem:74 - Before build in PCC Used Memory: 927069664 Bytes (1073741824)
2025-09-27 17:10:11,255 [INFO] UtilMem:74 - After build in PCC Used Memory: 950089896 Bytes (1073741824)
2025-09-27 17:10:11,294 [INFO] IPUIPlugin:74 - create IPUIPlugin
2025-09-27 17:10:11,295 [INFO] IPUIPlugin:74 - create IPUIPlugin
2025-09-27 17:10:11,295 [INFO] IPUIPlugin:74 - create IPUIPlugin
2025-09-27 17:10:11,295 [INFO] IPUIPlugin:74 - create IPUIPlugin
2025-09-27 17:10:11,295 [INFO] IPUIPlugin:74 - create IPUIPlugin
2025-09-27 17:10:11,296 [INFO] IPUIPlugin:74 - create IPUIPlugin
2025-09-27 17:10:11,296 [INFO] IPUIPlugin:74 - create IPUIPlugin
2025-09-27 17:10:11,296 [INFO] IPUIPlugin:74 - create IPUIPlugin
2025-09-27 17:10:11,296 [INFO] IPUIPlugin:74 - create IPUIPlugin
2025-09-27 17:10:11,297 [INFO] IPUIPlugin:74 - create IPUIPlugin
2025-09-27 17:10:11,297 [INFO] IPUIPlugin:74 - create IPUIPlugin
2025-09-27 17:10:11,297 [INFO] IPUIPlugin:74 - create IPUIPlugin
2025-09-27 17:10:11,297 [INFO] IPUIPlugin:74 - create IPUIPlugin
2025-09-27 17:10:11,298 [INFO] IPUIPlugin:74 - create IPUIPlugin
2025-09-27 17:10:11,298 [INFO] IPUIPlugin:74 - create IPUIPlugin
2025-09-27 17:10:11,299 [INFO] IPUIPlugin:74 - create IPUIPlugin
2025-09-27 17:10:11,299 [INFO] IPUIPlugin:74 - create IPUIPlugin
2025-09-27 17:10:11,299 [INFO] IPUIPlugin:74 - create IPUIPlugin
2025-09-27 17:10:11,300 [INFO] IPUIPlugin:74 - create IPUIPlugin
2025-09-27 17:10:11,300 [INFO] IPUIPlugin:74 - create IPUIPlugin
2025-09-27 17:10:11,300 [INFO] IPUIPlugin:74 - create IPUIPlugin
2025-09-27 17:10:11,301 [INFO] IPUIPlugin:74 - create IPUIPlugin
2025-09-27 17:10:11,301 [INFO] IPUIPlugin:74 - create IPUIPlugin
2025-09-27 17:10:11,318 [INFO] OpenFileManager:333 - Restore cursor
2025-09-27 17:12:14,062 [INFO] UtilMem:74 - End SaveConfig() Used Memory: 928390832 Bytes (1073741824)
2025-09-27 17:12:15,107 [INFO] UtilMem:74 - End SaveConfig() Used Memory: 900441792 Bytes (1073741824)
2025-09-27 17:12:15,444 [INFO] UtilMem:74 - End SaveConfig() Used Memory: 911339792 Bytes (1073741824)
2025-09-27 17:12:15,699 [INFO] BlockDiagram:2740 - set Specific Code input for plugin: NVIC
2025-09-27 17:12:15,699 [INFO] BlockDiagram:2740 - set Specific Code input for plugin: SYS
2025-09-27 17:12:15,699 [INFO] BlockDiagram:2740 - set Specific Code input for plugin: GPIO
2025-09-27 17:12:15,699 [INFO] BlockDiagram:2740 - set Specific Code input for plugin: RCC
2025-09-27 17:12:15,700 [INFO] CodeGenerator:663 - code generatio: config db path: D:\STM32CubeIDE_1.7.0\STM32CubeIDE\plugins\com.st.stm32cube.common.mx_6.3.0.202107141111\\db\
2025-09-27 17:12:15,935 [INFO] CodeEngine:239 - oldGeneratedFile, D:\MCU\LAB1\LAB1\LAB1\MXTmpFiles\license.tmp_save
2025-09-27 17:12:16,019 [INFO] CodeEngine:257 - Generated code: D:\MCU\LAB1\LAB1\LAB1\MXTmpFiles\license.tmp
2025-09-27 17:12:16,066 [INFO] CodeEngine:239 - oldGeneratedFile, D:\MCU\LAB1\LAB1\LAB1\MXTmpFiles\gpio.tmp_save
2025-09-27 17:12:16,136 [INFO] CodeEngine:257 - Generated code: D:\MCU\LAB1\LAB1\LAB1\MXTmpFiles\gpio.tmp
2025-09-27 17:12:16,180 [INFO] CodeEngine:239 - oldGeneratedFile, D:\MCU\LAB1\LAB1\LAB1\Core\Src\stm32f1xx_it.c_save
2025-09-27 17:12:16,279 [INFO] CodeEngine:257 - Generated code: D:\MCU\LAB1\LAB1\LAB1\Core\Src\stm32f1xx_it.c
2025-09-27 17:12:16,284 [INFO] CodeEngine:239 - oldGeneratedFile, D:\MCU\LAB1\LAB1\LAB1\Core\Inc\stm32f1xx_it.h_save
2025-09-27 17:12:16,337 [INFO] CodeEngine:257 - Generated code: D:\MCU\LAB1\LAB1\LAB1\Core\Inc\stm32f1xx_it.h
2025-09-27 17:12:16,353 [INFO] CodeEngine:239 - oldGeneratedFile, D:\MCU\LAB1\LAB1\LAB1\Core\Src\stm32f1xx_hal_msp.c_save
2025-09-27 17:12:16,420 [INFO] CodeEngine:257 - Generated code: D:\MCU\LAB1\LAB1\LAB1\Core\Src\stm32f1xx_hal_msp.c
2025-09-27 17:12:16,422 [INFO] CodeEngine:239 - oldGeneratedFile, D:\MCU\LAB1\LAB1\LAB1\MXTmpFiles\system.tmp_save
2025-09-27 17:12:16,464 [INFO] CodeEngine:257 - Generated code: D:\MCU\LAB1\LAB1\LAB1\MXTmpFiles\system.tmp
2025-09-27 17:12:16,477 [INFO] CodeEngine:239 - oldGeneratedFile, D:\MCU\LAB1\LAB1\LAB1\Core\Inc\stm32f1xx_hal_conf.h_save
2025-09-27 17:12:16,592 [INFO] CodeEngine:257 - Generated code: D:\MCU\LAB1\LAB1\LAB1\Core\Inc\stm32f1xx_hal_conf.h
2025-09-27 17:12:16,645 [INFO] CodeEngine:239 - oldGeneratedFile, D:\MCU\LAB1\LAB1\LAB1\Core\Inc\main.h_save
2025-09-27 17:12:16,758 [INFO] CodeEngine:257 - Generated code: D:\MCU\LAB1\LAB1\LAB1\Core\Inc\main.h
2025-09-27 17:12:16,773 [INFO] CodeEngine:239 - oldGeneratedFile, D:\MCU\LAB1\LAB1\LAB1\Core\Src\main.c_save
2025-09-27 17:12:16,913 [INFO] CodeEngine:257 - Generated code: D:\MCU\LAB1\LAB1\LAB1\Core\Src\main.c
2025-09-27 17:12:17,721 [INFO] ProjectBuilder:2578 - Time for Copy HAL[1] : 71mS.
2025-09-27 17:12:17,724 [INFO] ProjectBuilder:3622 - Project Generator version: 3.14.1
2025-09-27 17:12:18,040 [INFO] ConfigFileManager:1271 - The Die is : DIE412
2025-09-27 17:12:18,046 [INFO] ApiDbMcu:468 - Load IP Config File for FATFS
2025-09-27 17:12:18,067 [INFO] ApiDbMcu:468 - Load IP Config File for FREERTOS
2025-09-27 17:12:18,086 [INFO] ApiDbMcu:468 - Load IP Config File for USB_DEVICE
2025-09-27 17:12:19,891 [INFO] ProjectBuilder:3789 - Time for Generating toolchain IDE Files: 2167mS.
2025-09-27 17:12:19,892 [INFO] ProjectBuilder:2457 - Time for Copy CMSIS : 0mS.
2025-09-27 17:12:19,893 [INFO] ProjectBuilder:2457 - Time for Copy CMSIS : 0mS.
